<?xml version="1.0" encoding="UTF-8"?>
<!-- Generated by org.testng.reporters.JUnitXMLReporter -->
<testsuite ignored="0" hostname="elihle" failures="1" tests="11" name="Cucumber Tests" time="310.226" errors="0" timestamp="2025-10-18T08:28:58 SAST">
  <testcase classname="io.cucumber.testng.AbstractTestNGCucumberTests" name="runScenario" time="49.783"/>
  <testcase classname="io.cucumber.testng.AbstractTestNGCucumberTests" name="runScenario" time="13.544"/>
  <testcase classname="io.cucumber.testng.AbstractTestNGCucumberTests" name="runScenario" time="11.376"/>
  <testcase classname="io.cucumber.testng.AbstractTestNGCucumberTests" name="runScenario" time="9.88">
    <failure type="java.lang.AssertionError" message="Invalid login warning is not displayed. expected [true] but found [false]">
      <![CDATA[java.lang.AssertionError: Invalid login warning is not displayed. expected [true] but found [false]
at stepdefinition.LoginSteps.user_should_see_error_messages_indicating_that_both_fields_are_required(LoginSteps.java:87)
at ✽.User should see error messages indicating that both fields are required(file:///C:/Users/USER/eclipse-workspace/Lambda-behavior-driven-development-framework/src/test/resources/features/LoginUser.feature:35)
... Removed 3 stack frames]]>
    </failure>
  </testcase> <!-- runScenario -->
  <testcase classname="io.cucumber.testng.AbstractTestNGCucumberTests" name="runScenario" time="20.986"/>
  <testcase classname="io.cucumber.testng.AbstractTestNGCucumberTests" name="runScenario" time="18.352"/>
  <testcase classname="io.cucumber.testng.AbstractTestNGCucumberTests" name="runScenario" time="17.686"/>
  <testcase classname="io.cucumber.testng.AbstractTestNGCucumberTests" name="runScenario" time="18.517"/>
  <testcase classname="io.cucumber.testng.AbstractTestNGCucumberTests" name="runScenario" time="34.371"/>
  <testcase classname="io.cucumber.testng.AbstractTestNGCucumberTests" name="runScenario" time="80.883"/>
  <testcase classname="io.cucumber.testng.AbstractTestNGCucumberTests" name="runScenario" time="30.121"/>
</testsuite> <!-- Cucumber Tests -->
