<?xml version="1.0" encoding="UTF-8"?>
<testsuite xmlns:xsi="http://www.w3.org/2001/XMLSchema-instance" xsi:noNamespaceSchemaLocation="https://maven.apache.org/surefire/maven-surefire-plugin/xsd/surefire-test-report-3.0.xsd" version="3.0" name="TestSuite" time="1193.534" tests="10" errors="0" skipped="0" failures="1">
  <properties>
[...]
</properties>
  <testcase name="runScenario[&quot;Successful Login with Valid Credentials&quot;, &quot;Login User Functionality&quot;](1)" classname="testrunner.TestRunner" time="82.363">
    <failure message="java.net.http.HttpConnectTimeoutException: HTTP connect timed out&#10;Build info: version: &apos;4.25.0&apos;, revision: &apos;8a8aea2337&apos;&#10;System info: os.name: &apos;Windows 11&apos;, os.arch: &apos;amd64&apos;, os.version: &apos;10.0&apos;, java.version: &apos;21.0.8&apos;&#10;Driver info: org.openqa.selenium.remote.RemoteWebDriver&#10;Command: [66544ed6ee9923fc124bf05314be93e7b18c1ea3, isElementDisplayed {id=f.A21DB90A643F8D571680A093D5EE72C5.d.390FCEE1C13676F50F43C04E2CEC8758.e.59}]&#10;Capabilities {acceptInsecureCerts: false, browserName: chrome, browserVersion: 141.0.7390.55, chrome: {chromedriverVersion: 141.0.7390.54 (b95610d5c4a5..., userDataDir: C:\Windows\proxy\scoped_dir...}, fedcm:accounts: true, goog:chromeOptions: {debuggerAddress: localhost:2704}, goog:loggingPrefs: {browser: SEVERE, driver: ALL, performance: ALL, server: ALL}, networkConnectionEnabled: false, pageLoadStrategy: normal, platformName: Windows XP, proxy: Proxy(), se:bidiEnabled: false, se:cdpVersion: 141.0.7390.55, setWindowRect: true, strictFileInteractability: false, timeouts: {implicit: 0, pageLoad: 300000, script: 30000}, unhandledPromptBehavior: dismiss and notify, webauthn:extension:credBlob: true, webauthn:extension:largeBlob: true, webauthn:extension:minPinLength: true, webauthn:extension:prf: true, webauthn:virtualAuthenticators: true}&#10;Element: [[RemoteWebDriver: chrome on Windows XP (66544ed6ee9923fc124bf05314be93e7b18c1ea3)] -&gt; css selector: input[name=&apos;password&apos;]]&#10;Session ID: 66544ed6ee9923fc124bf05314be93e7b18c1ea3" type="org.openqa.selenium.TimeoutException"><![CDATA[org.openqa.selenium.TimeoutException: 
java.net.http.HttpConnectTimeoutException: HTTP connect timed out
Build info: version: '4.25.0', revision: '8a8aea2337'
System info: os.name: 'Windows 11', os.arch: 'amd64', os.version: '10.0', java.version: '21.0.8'
Driver info: org.openqa.selenium.remote.RemoteWebDriver
Command: [66544ed6ee9923fc124bf05314be93e7b18c1ea3, isElementDisplayed {id=f.A21DB90A643F8D571680A093D5EE72C5.d.390FCEE1C13676F50F43C04E2CEC8758.e.59}]
Capabilities {acceptInsecureCerts: false, browserName: chrome, browserVersion: 141.0.7390.55, chrome: {chromedriverVersion: 141.0.7390.54 (b95610d5c4a5..., userDataDir: C:\Windows\proxy\scoped_dir...}, fedcm:accounts: true, goog:chromeOptions: {debuggerAddress: localhost:2704}, goog:loggingPrefs: {browser: SEVERE, driver: ALL, performance: ALL, server: ALL}, networkConnectionEnabled: false, pageLoadStrategy: normal, platformName: Windows XP, proxy: Proxy(), se:bidiEnabled: false, se:cdpVersion: 141.0.7390.55, setWindowRect: true, strictFileInteractability: false, timeouts: {implicit: 0, pageLoad: 300000, script: 30000}, unhandledPromptBehavior: dismiss and notify, webauthn:extension:credBlob: true, webauthn:extension:largeBlob: true, webauthn:extension:minPinLength: true, webauthn:extension:prf: true, webauthn:virtualAuthenticators: true}
Element: [[RemoteWebDriver: chrome on Windows XP (66544ed6ee9923fc124bf05314be93e7b18c1ea3)] -> css selector: input[name='password']]
Session ID: 66544ed6ee9923fc124bf05314be93e7b18c1ea3
	at org.openqa.selenium.remote.http.jdk.JdkHttpClient.execute0(JdkHttpClient.java:408)
	at org.openqa.selenium.remote.http.AddSeleniumUserAgent.lambda$apply$0(AddSeleniumUserAgent.java:42)
	at org.openqa.selenium.remote.http.Filter.lambda$andFinally$1(Filter.java:55)
	at org.openqa.selenium.remote.http.jdk.JdkHttpClient.execute(JdkHttpClient.java:374)
	at org.openqa.selenium.remote.tracing.TracedHttpClient.execute(TracedHttpClient.java:54)
	at org.openqa.selenium.remote.HttpCommandExecutor.execute(HttpCommandExecutor.java:187)
	at org.openqa.selenium.remote.TracedCommandExecutor.execute(TracedCommandExecutor.java:53)
	at org.openqa.selenium.remote.RemoteWebDriver.execute(RemoteWebDriver.java:545)
	at org.openqa.selenium.remote.RemoteWebElement.execute(RemoteWebElement.java:223)
	at org.openqa.selenium.remote.RemoteWebElement.isDisplayed(RemoteWebElement.java:282)
	at java.base/jdk.internal.reflect.DirectMethodHandleAccessor.invoke(DirectMethodHandleAccessor.java:103)
	at java.base/java.lang.reflect.Method.invoke(Method.java:580)
	at org.openqa.selenium.support.pagefactory.internal.LocatingElementHandler.invoke(LocatingElementHandler.java:51)
	at jdk.proxy2/jdk.proxy2.$Proxy28.isDisplayed(Unknown Source)
	at org.openqa.selenium.support.ui.ExpectedConditions.elementIfVisible(ExpectedConditions.java:304)
	at org.openqa.selenium.support.ui.ExpectedConditions$10.apply(ExpectedConditions.java:290)
	at org.openqa.selenium.support.ui.ExpectedConditions$10.apply(ExpectedConditions.java:287)
	at org.openqa.selenium.support.ui.ExpectedConditions$23.apply(ExpectedConditions.java:656)
	at org.openqa.selenium.support.ui.ExpectedConditions$23.apply(ExpectedConditions.java:652)
	at org.openqa.selenium.support.ui.FluentWait.until(FluentWait.java:203)
	at utils.TestBase.sendKeys(TestBase.java:116)
	at Pages.LoginPage.enterPassword(LoginPage.java:98)
	at stepdefinition.LoginSteps.user_enters_valid_email_and_password(LoginSteps.java:90)
	at ✽.User enters valid email and password(file:///C:/Users/USER/eclipse-workspace/Lambda-behavior-driven-development-framework/src/test/resources/features/LoginUser.feature:12)
Caused by: java.net.http.HttpConnectTimeoutException: HTTP connect timed out
	at java.net.http/jdk.internal.net.http.MultiExchange.toTimeoutException(MultiExchange.java:611)
	at java.net.http/jdk.internal.net.http.MultiExchange.getExceptionalCF(MultiExchange.java:555)
	at java.net.http/jdk.internal.net.http.MultiExchange.lambda$responseAsyncImpl$7(MultiExchange.java:474)
	at java.base/java.util.concurrent.CompletableFuture.uniHandle(CompletableFuture.java:934)
	at java.base/java.util.concurrent.CompletableFuture$UniHandle.tryFire(CompletableFuture.java:911)
	at java.base/java.util.concurrent.CompletableFuture.postComplete(CompletableFuture.java:510)
	at java.base/java.util.concurrent.CompletableFuture.completeExceptionally(CompletableFuture.java:2194)
	at java.net.http/jdk.internal.net.http.Http1Exchange.lambda$cancelImpl$9(Http1Exchange.java:592)
	at java.base/java.util.concurrent.ThreadPoolExecutor.runWorker(ThreadPoolExecutor.java:1144)
	at java.base/java.util.concurrent.ThreadPoolExecutor$Worker.run(ThreadPoolExecutor.java:642)
	at java.base/java.lang.Thread.run(Thread.java:1583)
Caused by: java.net.ConnectException: HTTP connect timed out
	at java.net.http/jdk.internal.net.http.MultiExchange.toTimeoutException(MultiExchange.java:612)
	... 10 more
]]></failure>
    <system-out><![CDATA[
Scenario: Successful Login with Valid Credentials             # file:///C:/Users/USER/eclipse-workspace/Lambda-behavior-driven-development-framework/src/test/resources/features/LoginUser.feature:10
BrowserStack Video URL: https://automate.browserstack.com/sessions/66544ed6ee9923fc124bf05314be93e7b18c1ea3.mp4
✅ User data loaded: ressie1760772915078@mail.com
✅ User data loaded: ressie1760772915078@mail.com
  ✔ Given User launches the lambdaTest home page              # stepdefinition.RegistrationSteps.user_launches_the_lambda_test_home_page()
  ✔ When User hovers over the My Account menu                 # stepdefinition.RegistrationSteps.user_hovers_over_the_my_account_menu()
Running on BrowserStack as user: null
  ✔ And User clicks on the Login link                         # stepdefinition.LoginSteps.user_clicks_on_the_login_link()
🧹 Cleared textbox using keyboard for element: [[RemoteWebDriver: chrome on Windows XP (66544ed6ee9923fc124bf05314be93e7b18c1ea3)] -> css selector: input[name='email']]
✅ Typed into: Email entered in email input field → ressie1760772915078@mail.com
🧹 Cleared textbox using keyboard for element: [[RemoteWebDriver: chrome on Windows XP (66544ed6ee9923fc124bf05314be93e7b18c1ea3)] -> css selector: input[name='password']]
  ✘ When User enters valid email and password                 # stepdefinition.LoginSteps.user_enters_valid_email_and_password()
        org.openqa.selenium.TimeoutException: java.net.http.HttpConnectTimeoutException: HTTP connect timed out
        Build info: version: '4.25.0', revision: '8a8aea2337'
        System info: os.name: 'Windows 11', os.arch: 'amd64', os.version: '10.0', java.version: '21.0.8'
        Driver info: org.openqa.selenium.remote.RemoteWebDriver
        Command: [66544ed6ee9923fc124bf05314be93e7b18c1ea3, isElementDisplayed {id=f.A21DB90A643F8D571680A093D5EE72C5.d.390FCEE1C13676F50F43C04E2CEC8758.e.59}]
        Capabilities {acceptInsecureCerts: false, browserName: chrome, browserVersion: 141.0.7390.55, chrome: {chromedriverVersion: 141.0.7390.54 (b95610d5c4a5..., userDataDir: C:\Windows\proxy\scoped_dir...}, fedcm:accounts: true, goog:chromeOptions: {debuggerAddress: localhost:2704}, goog:loggingPrefs: {browser: SEVERE, driver: ALL, performance: ALL, server: ALL}, networkConnectionEnabled: false, pageLoadStrategy: normal, platformName: Windows XP, proxy: Proxy(), se:bidiEnabled: false, se:cdpVersion: 141.0.7390.55, setWindowRect: true, strictFileInteractability: false, timeouts: {implicit: 0, pageLoad: 300000, script: 30000}, unhandledPromptBehavior: dismiss and notify, webauthn:extension:credBlob: true, webauthn:extension:largeBlob: true, webauthn:extension:minPinLength: true, webauthn:extension:prf: true, webauthn:virtualAuthenticators: true}
        Element: [[RemoteWebDriver: chrome on Windows XP (66544ed6ee9923fc124bf05314be93e7b18c1ea3)] -> css selector: input[name='password']]
        Session ID: 66544ed6ee9923fc124bf05314be93e7b18c1ea3
        	at org.openqa.selenium.remote.http.jdk.JdkHttpClient.execute0(JdkHttpClient.java:408)
        	at org.openqa.selenium.remote.http.AddSeleniumUserAgent.lambda$apply$0(AddSeleniumUserAgent.java:42)
        	at org.openqa.selenium.remote.http.Filter.lambda$andFinally$1(Filter.java:55)
        	at org.openqa.selenium.remote.http.jdk.JdkHttpClient.execute(JdkHttpClient.java:374)
        	at org.openqa.selenium.remote.tracing.TracedHttpClient.execute(TracedHttpClient.java:54)
        	at org.openqa.selenium.remote.HttpCommandExecutor.execute(HttpCommandExecutor.java:187)
        	at org.openqa.selenium.remote.TracedCommandExecutor.execute(TracedCommandExecutor.java:53)
        	at org.openqa.selenium.remote.RemoteWebDriver.execute(RemoteWebDriver.java:545)
        	at org.openqa.selenium.remote.RemoteWebElement.execute(RemoteWebElement.java:223)
        	at org.openqa.selenium.remote.RemoteWebElement.isDisplayed(RemoteWebElement.java:282)
        	at java.base/jdk.internal.reflect.DirectMethodHandleAccessor.invoke(DirectMethodHandleAccessor.java:103)
        	at java.base/java.lang.reflect.Method.invoke(Method.java:580)
        	at org.openqa.selenium.support.pagefactory.internal.LocatingElementHandler.invoke(LocatingElementHandler.java:51)
        	at jdk.proxy2/jdk.proxy2.$Proxy28.isDisplayed(Unknown Source)
        	at org.openqa.selenium.support.ui.ExpectedConditions.elementIfVisible(ExpectedConditions.java:304)
        	at org.openqa.selenium.support.ui.ExpectedConditions$10.apply(ExpectedConditions.java:290)
        	at org.openqa.selenium.support.ui.ExpectedConditions$10.apply(ExpectedConditions.java:287)
        	at org.openqa.selenium.support.ui.ExpectedConditions$23.apply(ExpectedConditions.java:656)
        	at org.openqa.selenium.support.ui.ExpectedConditions$23.apply(ExpectedConditions.java:652)
        	at org.openqa.selenium.support.ui.FluentWait.until(FluentWait.java:203)
        	at utils.TestBase.sendKeys(TestBase.java:116)
        	at Pages.LoginPage.enterPassword(LoginPage.java:98)
        	at stepdefinition.LoginSteps.user_enters_valid_email_and_password(LoginSteps.java:90)
        	at ✽.User enters valid email and password(file:///C:/Users/USER/eclipse-workspace/Lambda-behavior-driven-development-framework/src/test/resources/features/LoginUser.feature:12)
        Caused by: java.net.http.HttpConnectTimeoutException: HTTP connect timed out
        	at java.net.http/jdk.internal.net.http.MultiExchange.toTimeoutException(MultiExchange.java:611)
        	at java.net.http/jdk.internal.net.http.MultiExchange.getExceptionalCF(MultiExchange.java:555)
        	at java.net.http/jdk.internal.net.http.MultiExchange.lambda$responseAsyncImpl$7(MultiExchange.java:474)
        	at java.base/java.util.concurrent.CompletableFuture.uniHandle(CompletableFuture.java:934)
        	at java.base/java.util.concurrent.CompletableFuture$UniHandle.tryFire(CompletableFuture.java:911)
        	at java.base/java.util.concurrent.CompletableFuture.postComplete(CompletableFuture.java:510)
        	at java.base/java.util.concurrent.CompletableFuture.completeExceptionally(CompletableFuture.java:2194)
        	at java.net.http/jdk.internal.net.http.Http1Exchange.lambda$cancelImpl$9(Http1Exchange.java:592)
        	at java.base/java.util.concurrent.ThreadPoolExecutor.runWorker(ThreadPoolExecutor.java:1144)
        	at java.base/java.util.concurrent.ThreadPoolExecutor$Worker.run(ThreadPoolExecutor.java:642)
        	at java.base/java.lang.Thread.run(Thread.java:1583)
        Caused by: java.net.ConnectException: HTTP connect timed out
        	at java.net.http/jdk.internal.net.http.MultiExchange.toTimeoutException(MultiExchange.java:612)
        	... 10 more
  ↷ And User clicks on the Login button                       # stepdefinition.LoginSteps.user_clicks_on_the_login_button()
  ↷ Then User should be redirected to their account dashboard # stepdefinition.LoginSteps.user_should_be_redirected_to_their_account_dashboard()
16:20:25.261 [main] ERROR hooks.Hooks - ❌ Scenario failed: Successful Login with Valid Credentials
]]></system-out>
    <system-err><![CDATA[Oct 31, 2025 4:19:06 PM org.openqa.selenium.remote.tracing.opentelemetry.OpenTelemetryTracer createTracer
INFO: Using OpenTelemetry for tracing
⏳ Timeout: Failed to send keys to Password entered in password input field within 15 seconds.
]]></system-err>
  </testcase>
  <testcase name="runScenario[&quot;Login with Invalid Password&quot;, &quot;Login User Functionality&quot;](2)" classname="testrunner.TestRunner" time="77.693">
    <system-out><![CDATA[
Scenario: Login with Invalid Password                                   # file:///C:/Users/USER/eclipse-workspace/Lambda-behavior-driven-development-framework/src/test/resources/features/LoginUser.feature:16
✅ User data loaded: ressie1760772915078@mail.com
✅ User data loaded: ressie1760772915078@mail.com
  ✔ Given User launches the lambdaTest home page                        # stepdefinition.RegistrationSteps.user_launches_the_lambda_test_home_page()
  ✔ When User hovers over the My Account menu                           # stepdefinition.RegistrationSteps.user_hovers_over_the_my_account_menu()
User is not logged in. No logout needed.
  ✔ And User is logged out                                              # stepdefinition.RegistrationSteps.user_is_logged_out()
Running on BrowserStack as user: null
  ✔ And User clicks on the Login link                                   # stepdefinition.LoginSteps.user_clicks_on_the_login_link()
🧹 Cleared textbox using keyboard for element: [[RemoteWebDriver: chrome on Windows XP (66544ed6ee9923fc124bf05314be93e7b18c1ea3)] -> css selector: input[name='email']]
✅ Typed into: Email entered in email input field → ressie1760772915078@mail.com
🧹 Cleared textbox using keyboard for element: [[RemoteWebDriver: chrome on Windows XP (66544ed6ee9923fc124bf05314be93e7b18c1ea3)] -> css selector: input[name='password']]
✅ Typed into: Password entered in password input field → WrongPassword123
  ✔ When User enters a valid email and an invalid password              # stepdefinition.LoginSteps.user_enters_a_valid_email_and_an_invalid_password()
✅ Clicked: Clicks on Login button
  ✔ And User clicks on the Login button                                 # stepdefinition.LoginSteps.user_clicks_on_the_login_button()
Warning: No match for E-Mail Address and/or Password. = Warning: No match for E-Mail Address and/or Password.
✅ Text validation passed for Verifying invalid login message: Warning: No match for E-Mail Address and/or Password.
  ✔ Then User should see an error message indicating incorrect password # stepdefinition.LoginSteps.user_should_see_an_error_message_indicating_incorrect_password()
]]></system-out>
    <system-err><![CDATA[❌ Failed to click element: Clicks on logout link → invalid selector: Unable to locate an element with the xpath expression DefaultElementLocator 'By.xpath because of the following error:
SyntaxError: Failed to execute 'evaluate' on 'Document': The string 'DefaultElementLocator 'By.xpath' is not a valid XPath expression.
  (Session info: chrome=141.0.7390.55)
For documentation on this error, please visit: https://www.selenium.dev/documentation/webdriver/troubleshooting/errors#invalid-selector-exception
Build info: version: '4.25.0', revision: '8a8aea2337'
System info: os.name: 'Windows 11', os.arch: 'amd64', os.version: '10.0', java.version: '21.0.8'
Driver info: org.openqa.selenium.remote.RemoteWebDriver
Command: [66544ed6ee9923fc124bf05314be93e7b18c1ea3, findElement {using=xpath, value=DefaultElementLocator 'By.xpath}]
Capabilities {acceptInsecureCerts: false, browserName: chrome, browserVersion: 141.0.7390.55, chrome: {chromedriverVersion: 141.0.7390.54 (b95610d5c4a5..., userDataDir: C:\Windows\proxy\scoped_dir...}, fedcm:accounts: true, goog:chromeOptions: {debuggerAddress: localhost:2704}, goog:loggingPrefs: {browser: SEVERE, driver: ALL, performance: ALL, server: ALL}, networkConnectionEnabled: false, pageLoadStrategy: normal, platformName: Windows XP, proxy: Proxy(), se:bidiEnabled: false, se:cdpVersion: 141.0.7390.55, setWindowRect: true, strictFileInteractability: false, timeouts: {implicit: 0, pageLoad: 300000, script: 30000}, unhandledPromptBehavior: dismiss and notify, webauthn:extension:credBlob: true, webauthn:extension:largeBlob: true, webauthn:extension:minPinLength: true, webauthn:extension:prf: true, webauthn:virtualAuthenticators: true}
Session ID: 66544ed6ee9923fc124bf05314be93e7b18c1ea3
]]></system-err>
  </testcase>
  <testcase name="runScenario[&quot;Login with Unregistered Email&quot;, &quot;Login User Functionality&quot;](3)" classname="testrunner.TestRunner" time="77.265">
    <system-out><![CDATA[
Scenario: Login with Unregistered Email                                 # file:///C:/Users/USER/eclipse-workspace/Lambda-behavior-driven-development-framework/src/test/resources/features/LoginUser.feature:23
✅ User data loaded: ressie1760772915078@mail.com
✅ User data loaded: ressie1760772915078@mail.com
  ✔ Given User launches the lambdaTest home page                        # stepdefinition.RegistrationSteps.user_launches_the_lambda_test_home_page()
  ✔ When User hovers over the My Account menu                           # stepdefinition.RegistrationSteps.user_hovers_over_the_my_account_menu()
Running on BrowserStack as user: null
  ✔ When User clicks on the Login link                                  # stepdefinition.LoginSteps.user_clicks_on_the_login_link()
Generated user data: annalee1761920522037@mail.com
🧹 Cleared textbox using keyboard for element: [[RemoteWebDriver: chrome on Windows XP (66544ed6ee9923fc124bf05314be93e7b18c1ea3)] -> css selector: input[name='email']]
✅ Typed into: Email entered in email input field → annalee1761920522037@mail.com
🧹 Cleared textbox using keyboard for element: [[RemoteWebDriver: chrome on Windows XP (66544ed6ee9923fc124bf05314be93e7b18c1ea3)] -> css selector: input[name='password']]
✅ Typed into: Password entered in password input field → Password123
  ✔ And User enters an unregistered email and any password              # stepdefinition.LoginSteps.user_enters_an_unregistered_email_and_any_password()
✅ Clicked: Clicks on Login button
  ✔ And User clicks on the Login button                                 # stepdefinition.LoginSteps.user_clicks_on_the_login_button()
Warning: No match for E-Mail Address and/or Password. = Warning: No match for E-Mail Address and/or Password.
✅ Text validation passed for Verifying invalid login message: Warning: No match for E-Mail Address and/or Password.
  ✔ Then User should see an error message indicating unregistered email # stepdefinition.LoginSteps.user_should_see_an_error_message_indicating_unregistered_email()
]]></system-out>
  </testcase>
  <testcase name="runScenario[&quot;Successful Registration with Valid Details&quot;, &quot;Register User Functionality&quot;](4)" classname="testrunner.TestRunner" time="174.177">
    <system-out><![CDATA[
Scenario: Successful Registration with Valid Details                               # file:///C:/Users/USER/eclipse-workspace/Lambda-behavior-driven-development-framework/src/test/resources/features/RegisterSingleUser.feature:10
✅ User data loaded: ressie1760772915078@mail.com
✅ User data loaded: ressie1760772915078@mail.com
  ✔ Given User launches the lambdaTest home page                                   # stepdefinition.RegistrationSteps.user_launches_the_lambda_test_home_page()
  ✔ When User hovers over the My Account menu                                      # stepdefinition.RegistrationSteps.user_hovers_over_the_my_account_menu()
  ✔ And User clicks on the Register link                                           # stepdefinition.RegistrationSteps.user_clicks_on_the_register_link()
Generated user data: neoma1761920598694@mail.com
🧹 Cleared textbox using keyboard for element: [[RemoteWebDriver: chrome on Windows XP (66544ed6ee9923fc124bf05314be93e7b18c1ea3)] -> name: firstname]
✅ Typed into: Entered first name text → Neoma
🧹 Cleared textbox using keyboard for element: [[RemoteWebDriver: chrome on Windows XP (66544ed6ee9923fc124bf05314be93e7b18c1ea3)] -> name: lastname]
✅ Typed into: Entered last name text → Schultz
🧹 Cleared textbox using keyboard for element: [[RemoteWebDriver: chrome on Windows XP (66544ed6ee9923fc124bf05314be93e7b18c1ea3)] -> name: email]
✅ Typed into: Entered email text → neoma1761920598694@mail.com
🧹 Cleared textbox using keyboard for element: [[RemoteWebDriver: chrome on Windows XP (66544ed6ee9923fc124bf05314be93e7b18c1ea3)] -> name: telephone]
✅ Typed into: Entered telephone number → 458.388.7370
🧹 Cleared textbox using keyboard for element: [[RemoteWebDriver: chrome on Windows XP (66544ed6ee9923fc124bf05314be93e7b18c1ea3)] -> name: password]
✅ Typed into: Entered password text → Password123
🧹 Cleared textbox using keyboard for element: [[RemoteWebDriver: chrome on Windows XP (66544ed6ee9923fc124bf05314be93e7b18c1ea3)] -> name: confirm]
✅ Typed into: Entered confirm password text → Password123
  ✔ When User enters all the mandatory fields with valid data                      # stepdefinition.RegistrationSteps.user_enters_all_the_mandatory_fields_with_valid_data()
✅ Clicked: Accept privacy policy
  ✔ And User clicks on the Privacy Policy checkbox                                 # stepdefinition.RegistrationSteps.user_clicks_on_the_privacy_policy_checkbox()
✅ Clicked: Clicks on continue button
  ✔ And User clicks on the Continue button                                         # stepdefinition.RegistrationSteps.user_clicks_on_the_continue_button()
Your Account Has Been Created! = Your Account Has Been Created!
✅ Text validation passed for Verifying register success message: Your Account Has Been Created!
  ✔ Then User should see a confirmation message indicating successful registration # stepdefinition.RegistrationSteps.user_should_see_a_confirmation_message_indicating_successful_registration()
]]></system-out>
  </testcase>
  <testcase name="runScenario[&quot;Registration with Already Registered Email&quot;, &quot;Register User Functionality&quot;](5)" classname="testrunner.TestRunner" time="135.051">
    <system-out><![CDATA[
Scenario: Registration with Already Registered Email                                      # file:///C:/Users/USER/eclipse-workspace/Lambda-behavior-driven-development-framework/src/test/resources/features/RegisterSingleUser.feature:17
✅ User data loaded: ressie1760772915078@mail.com
✅ User data loaded: ressie1760772915078@mail.com
  ✔ Given User launches the lambdaTest home page                                          # stepdefinition.RegistrationSteps.user_launches_the_lambda_test_home_page()
  ✔ When User hovers over the My Account menu                                             # stepdefinition.RegistrationSteps.user_hovers_over_the_my_account_menu()
✅ Clicked: Clicks on logout link
  ✔ And User is logged out                                                                # stepdefinition.RegistrationSteps.user_is_logged_out()
  ✔ And User clicks on the Register link                                                  # stepdefinition.RegistrationSteps.user_clicks_on_the_register_link()
🧹 Cleared textbox using keyboard for element: [[RemoteWebDriver: chrome on Windows XP (66544ed6ee9923fc124bf05314be93e7b18c1ea3)] -> name: firstname]
✅ Typed into: Entered first name text → Ressie
🧹 Cleared textbox using keyboard for element: [[RemoteWebDriver: chrome on Windows XP (66544ed6ee9923fc124bf05314be93e7b18c1ea3)] -> name: lastname]
✅ Typed into: Entered last name text → Rodriguez
🧹 Cleared textbox using keyboard for element: [[RemoteWebDriver: chrome on Windows XP (66544ed6ee9923fc124bf05314be93e7b18c1ea3)] -> name: email]
✅ Typed into: Entered email text → khakaalwande@gmail.com
🧹 Cleared textbox using keyboard for element: [[RemoteWebDriver: chrome on Windows XP (66544ed6ee9923fc124bf05314be93e7b18c1ea3)] -> name: telephone]
✅ Typed into: Entered telephone number → (197) 141-4671
🧹 Cleared textbox using keyboard for element: [[RemoteWebDriver: chrome on Windows XP (66544ed6ee9923fc124bf05314be93e7b18c1ea3)] -> name: password]
✅ Typed into: Entered password text → Password123
🧹 Cleared textbox using keyboard for element: [[RemoteWebDriver: chrome on Windows XP (66544ed6ee9923fc124bf05314be93e7b18c1ea3)] -> name: confirm]
✅ Typed into: Entered confirm password text → Password123
  ✔ When User enters all the mandatory fields with an already registered email            # stepdefinition.RegistrationSteps.user_enters_all_the_mandatory_fields_with_an_already_registered_email()
✅ Clicked: Accept privacy policy
  ✔ And User clicks on the Privacy Policy checkbox                                        # stepdefinition.RegistrationSteps.user_clicks_on_the_privacy_policy_checkbox()
✅ Clicked: Clicks on continue button
  ✔ And User clicks on the Continue button                                                # stepdefinition.RegistrationSteps.user_clicks_on_the_continue_button()
Warning: E-Mail Address is already registered! = Warning: E-Mail Address is already registered!
✅ Text validation passed for Verifying duplicate email address: Warning: E-Mail Address is already registered!
  ✔ Then User should see an error message indicating that the email is already registered # stepdefinition.RegistrationSteps.user_should_see_an_error_message_indicating_that_the_email_is_already_registered()
]]></system-out>
  </testcase>
  <testcase name="runScenario[&quot;Registration with Missing Mandatory Fields&quot;, &quot;Register User Functionality&quot;](6)" classname="testrunner.TestRunner" time="112.028">
    <system-out><![CDATA[
Scenario: Registration with Missing Mandatory Fields                                  # file:///C:/Users/USER/eclipse-workspace/Lambda-behavior-driven-development-framework/src/test/resources/features/RegisterSingleUser.feature:25
✅ User data loaded: ressie1760772915078@mail.com
✅ User data loaded: ressie1760772915078@mail.com
  ✔ Given User launches the lambdaTest home page                                      # stepdefinition.RegistrationSteps.user_launches_the_lambda_test_home_page()
  ✔ When User hovers over the My Account menu                                         # stepdefinition.RegistrationSteps.user_hovers_over_the_my_account_menu()
  ✔ And User clicks on the Register link                                              # stepdefinition.RegistrationSteps.user_clicks_on_the_register_link()
🧹 Cleared textbox using keyboard for element: [[RemoteWebDriver: chrome on Windows XP (66544ed6ee9923fc124bf05314be93e7b18c1ea3)] -> name: firstname]
✅ Typed into: Entered first name text → 
🧹 Cleared textbox using keyboard for element: [[RemoteWebDriver: chrome on Windows XP (66544ed6ee9923fc124bf05314be93e7b18c1ea3)] -> name: lastname]
✅ Typed into: Entered last name text → 
🧹 Cleared textbox using keyboard for element: [[RemoteWebDriver: chrome on Windows XP (66544ed6ee9923fc124bf05314be93e7b18c1ea3)] -> name: email]
✅ Typed into: Entered email text → 
🧹 Cleared textbox using keyboard for element: [[RemoteWebDriver: chrome on Windows XP (66544ed6ee9923fc124bf05314be93e7b18c1ea3)] -> name: telephone]
✅ Typed into: Entered telephone number → 
🧹 Cleared textbox using keyboard for element: [[RemoteWebDriver: chrome on Windows XP (66544ed6ee9923fc124bf05314be93e7b18c1ea3)] -> name: password]
✅ Typed into: Entered password text → 
🧹 Cleared textbox using keyboard for element: [[RemoteWebDriver: chrome on Windows XP (66544ed6ee9923fc124bf05314be93e7b18c1ea3)] -> name: confirm]
✅ Typed into: Entered confirm password text → 
  ✔ When User leaves one or more mandatory fields empty                               # stepdefinition.RegistrationSteps.user_leaves_one_or_more_mandatory_fields_empty()
✅ Clicked: Accept privacy policy
  ✔ And User clicks on the Privacy Policy checkbox                                    # stepdefinition.RegistrationSteps.user_clicks_on_the_privacy_policy_checkbox()
✅ Clicked: Clicks on continue button
  ✔ And User clicks on the Continue button                                            # stepdefinition.RegistrationSteps.user_clicks_on_the_continue_button()
Found 5 error messages.
Matched expected message: First Name must be between 1 and 32 characters!
Matched expected message: Last Name must be between 1 and 32 characters!
Matched expected message: E-Mail Address does not appear to be valid!
Matched expected message: Telephone must be between 3 and 32 characters!
Matched expected message: Password must be between 4 and 20 characters!
  ✔ Then User should see error messages indicating which mandatory fields are missing # stepdefinition.RegistrationSteps.user_should_see_error_messages_indicating_which_mandatory_fields_are_missing(java.util.List)
      | First Name must be between 1 and 32 characters! |
      | Last Name must be between 1 and 32 characters!  |
      | E-Mail Address does not appear to be valid!     |
      | Telephone must be between 3 and 32 characters!  |
      | Password must be between 4 and 20 characters!   |
]]></system-out>
  </testcase>
  <testcase name="runScenario[&quot;Registration with Invalid Email Format&quot;, &quot;Register User Functionality&quot;](7)" classname="testrunner.TestRunner" time="147.363">
    <system-out><![CDATA[
Scenario: Registration with Invalid Email Format                                      # file:///C:/Users/USER/eclipse-workspace/Lambda-behavior-driven-development-framework/src/test/resources/features/RegisterSingleUser.feature:37
✅ User data loaded: ressie1760772915078@mail.com
✅ User data loaded: ressie1760772915078@mail.com
  ✔ Given User launches the lambdaTest home page                                      # stepdefinition.RegistrationSteps.user_launches_the_lambda_test_home_page()
  ✔ When User hovers over the My Account menu                                         # stepdefinition.RegistrationSteps.user_hovers_over_the_my_account_menu()
  ✔ And User clicks on the Register link                                              # stepdefinition.RegistrationSteps.user_clicks_on_the_register_link()
🧹 Cleared textbox using keyboard for element: [[RemoteWebDriver: chrome on Windows XP (66544ed6ee9923fc124bf05314be93e7b18c1ea3)] -> name: email]
✅ Typed into: Entered email text → khakaalwandegmail.com
  ✔ When User enters an invalid email format in the email field                       # stepdefinition.RegistrationSteps.user_enters_an_invalid_email_format_in_the_email_field()
🧹 Cleared textbox using keyboard for element: [[RemoteWebDriver: chrome on Windows XP (66544ed6ee9923fc124bf05314be93e7b18c1ea3)] -> name: firstname]
✅ Typed into: Entered first name text → Ressie
🧹 Cleared textbox using keyboard for element: [[RemoteWebDriver: chrome on Windows XP (66544ed6ee9923fc124bf05314be93e7b18c1ea3)] -> name: lastname]
✅ Typed into: Entered last name text → Rodriguez
🧹 Cleared textbox using keyboard for element: [[RemoteWebDriver: chrome on Windows XP (66544ed6ee9923fc124bf05314be93e7b18c1ea3)] -> name: telephone]
✅ Typed into: Entered telephone number → (197) 141-4671
🧹 Cleared textbox using keyboard for element: [[RemoteWebDriver: chrome on Windows XP (66544ed6ee9923fc124bf05314be93e7b18c1ea3)] -> name: password]
✅ Typed into: Entered password text → Password123
🧹 Cleared textbox using keyboard for element: [[RemoteWebDriver: chrome on Windows XP (66544ed6ee9923fc124bf05314be93e7b18c1ea3)] -> name: confirm]
✅ Typed into: Entered confirm password text → Password123
  ✔ And User fills in all other mandatory fields with valid data                      # stepdefinition.RegistrationSteps.user_fills_in_all_other_mandatory_fields_with_valid_data()
✅ Clicked: Accept privacy policy
  ✔ And User clicks on the Privacy Policy checkbox                                    # stepdefinition.RegistrationSteps.user_clicks_on_the_privacy_policy_checkbox()
✅ Clicked: Clicks on continue button
  ✔ And User clicks on the Continue button                                            # stepdefinition.RegistrationSteps.user_clicks_on_the_continue_button()
  ✔ Then User should see an error message indicating that the email format is invalid # stepdefinition.RegistrationSteps.user_should_see_an_error_message_indicating_that_the_email_format_is_invalid()
]]></system-out>
  </testcase>
  <testcase name="runScenario[&quot;Registration without Accepting Privacy Policy&quot;, &quot;Register User Functionality&quot;](8)" classname="testrunner.TestRunner" time="114.64">
    <system-out><![CDATA[
Scenario: Registration without Accepting Privacy Policy                                       # file:///C:/Users/USER/eclipse-workspace/Lambda-behavior-driven-development-framework/src/test/resources/features/RegisterSingleUser.feature:45
✅ User data loaded: ressie1760772915078@mail.com
✅ User data loaded: ressie1760772915078@mail.com
  ✔ Given User launches the lambdaTest home page                                              # stepdefinition.RegistrationSteps.user_launches_the_lambda_test_home_page()
  ✔ When User hovers over the My Account menu                                                 # stepdefinition.RegistrationSteps.user_hovers_over_the_my_account_menu()
  ✔ And User clicks on the Register link                                                      # stepdefinition.RegistrationSteps.user_clicks_on_the_register_link()
Generated user data: chadwick1761921162908@mail.com
🧹 Cleared textbox using keyboard for element: [[RemoteWebDriver: chrome on Windows XP (66544ed6ee9923fc124bf05314be93e7b18c1ea3)] -> name: firstname]
✅ Typed into: Entered first name text → Chadwick
🧹 Cleared textbox using keyboard for element: [[RemoteWebDriver: chrome on Windows XP (66544ed6ee9923fc124bf05314be93e7b18c1ea3)] -> name: lastname]
✅ Typed into: Entered last name text → Hilll
🧹 Cleared textbox using keyboard for element: [[RemoteWebDriver: chrome on Windows XP (66544ed6ee9923fc124bf05314be93e7b18c1ea3)] -> name: email]
✅ Typed into: Entered email text → chadwick1761921162908@mail.com
🧹 Cleared textbox using keyboard for element: [[RemoteWebDriver: chrome on Windows XP (66544ed6ee9923fc124bf05314be93e7b18c1ea3)] -> name: telephone]
✅ Typed into: Entered telephone number → 255.217.7645
🧹 Cleared textbox using keyboard for element: [[RemoteWebDriver: chrome on Windows XP (66544ed6ee9923fc124bf05314be93e7b18c1ea3)] -> name: password]
✅ Typed into: Entered password text → Password123
🧹 Cleared textbox using keyboard for element: [[RemoteWebDriver: chrome on Windows XP (66544ed6ee9923fc124bf05314be93e7b18c1ea3)] -> name: confirm]
✅ Typed into: Entered confirm password text → Password123
  ✔ When User enters all the mandatory fields with valid data                                 # stepdefinition.RegistrationSteps.user_enters_all_the_mandatory_fields_with_valid_data()
✅ Clicked: Clicks on continue button
  ✔ And User clicks on the Continue button                                                    # stepdefinition.RegistrationSteps.user_clicks_on_the_continue_button()
Warning: You must agree to the Privacy Policy! = Warning: You must agree to the Privacy Policy!
✅ Text validation passed for Verifying privacy policy warning message: Warning: You must agree to the Privacy Policy!
  ✔ Then User should see an error message indicating that the Privacy Policy must be accepted # stepdefinition.RegistrationSteps.user_should_see_an_error_message_indicating_that_the_privacy_policy_must_be_accepted()
]]></system-out>
  </testcase>
  <testcase name="runScenario[&quot;Registration with Weak Password&quot;, &quot;Register User Functionality&quot;](9)" classname="testrunner.TestRunner" time="143.518">
    <system-out><![CDATA[
Scenario: Registration with Weak Password                                          # file:///C:/Users/USER/eclipse-workspace/Lambda-behavior-driven-development-framework/src/test/resources/features/RegisterSingleUser.feature:51
✅ User data loaded: ressie1760772915078@mail.com
✅ User data loaded: ressie1760772915078@mail.com
  ✔ Given User launches the lambdaTest home page                                   # stepdefinition.RegistrationSteps.user_launches_the_lambda_test_home_page()
  ✔ When User hovers over the My Account menu                                      # stepdefinition.RegistrationSteps.user_hovers_over_the_my_account_menu()
  ✔ And User clicks on the Register link                                           # stepdefinition.RegistrationSteps.user_clicks_on_the_register_link()
Generated user data: chris1761921276641@mail.com
🧹 Cleared textbox using keyboard for element: [[RemoteWebDriver: chrome on Windows XP (66544ed6ee9923fc124bf05314be93e7b18c1ea3)] -> name: firstname]
✅ Typed into: Entered first name text → Chris
🧹 Cleared textbox using keyboard for element: [[RemoteWebDriver: chrome on Windows XP (66544ed6ee9923fc124bf05314be93e7b18c1ea3)] -> name: lastname]
✅ Typed into: Entered last name text → Bins
🧹 Cleared textbox using keyboard for element: [[RemoteWebDriver: chrome on Windows XP (66544ed6ee9923fc124bf05314be93e7b18c1ea3)] -> name: email]
✅ Typed into: Entered email text → chris1761921276641@mail.com
🧹 Cleared textbox using keyboard for element: [[RemoteWebDriver: chrome on Windows XP (66544ed6ee9923fc124bf05314be93e7b18c1ea3)] -> name: telephone]
✅ Typed into: Entered telephone number → 1-407-766-1538
🧹 Cleared textbox using keyboard for element: [[RemoteWebDriver: chrome on Windows XP (66544ed6ee9923fc124bf05314be93e7b18c1ea3)] -> name: password]
✅ Typed into: Entered password text → 123
🧹 Cleared textbox using keyboard for element: [[RemoteWebDriver: chrome on Windows XP (66544ed6ee9923fc124bf05314be93e7b18c1ea3)] -> name: confirm]
✅ Typed into: Entered confirm password text → 123
  ✔ When User enters all the mandatory fields with valid data but a weak password  # stepdefinition.RegistrationSteps.user_enters_all_the_mandatory_fields_with_valid_data_but_a_weak_password()
✅ Clicked: Accept privacy policy
  ✔ And User clicks on the Privacy Policy checkbox                                 # stepdefinition.RegistrationSteps.user_clicks_on_the_privacy_policy_checkbox()
✅ Clicked: Clicks on continue button
  ✔ And User clicks on the Continue button                                         # stepdefinition.RegistrationSteps.user_clicks_on_the_continue_button()
Password must be between 4 and 20 characters! = Password must be between 4 and 20 characters!
✅ Text validation passed for Verifying field validation message: Password must be between 4 and 20 characters!
  ✔ Then User should see an error message indicating that the password is too weak # stepdefinition.RegistrationSteps.user_should_see_an_error_message_indicating_that_the_password_is_too_weak()
]]></system-out>
  </testcase>
  <testcase name="runScenario[&quot;Registration with Mismatched Password Confirmation&quot;, &quot;Register User Functionality&quot;](10)" classname="testrunner.TestRunner" time="115.912">
    <system-out><![CDATA[
Scenario: Registration with Mismatched Password Confirmation                                           # file:///C:/Users/USER/eclipse-workspace/Lambda-behavior-driven-development-framework/src/test/resources/features/RegisterSingleUser.feature:58
✅ User data loaded: ressie1760772915078@mail.com
✅ User data loaded: ressie1760772915078@mail.com
  ✔ Given User launches the lambdaTest home page                                                       # stepdefinition.RegistrationSteps.user_launches_the_lambda_test_home_page()
  ✔ When User hovers over the My Account menu                                                          # stepdefinition.RegistrationSteps.user_hovers_over_the_my_account_menu()
  ✔ And User clicks on the Register link                                                               # stepdefinition.RegistrationSteps.user_clicks_on_the_register_link()
Generated user data: phillip1761921420535@mail.com
🧹 Cleared textbox using keyboard for element: [[RemoteWebDriver: chrome on Windows XP (66544ed6ee9923fc124bf05314be93e7b18c1ea3)] -> name: firstname]
✅ Typed into: Entered first name text → Phillip
🧹 Cleared textbox using keyboard for element: [[RemoteWebDriver: chrome on Windows XP (66544ed6ee9923fc124bf05314be93e7b18c1ea3)] -> name: lastname]
✅ Typed into: Entered last name text → Goyette
🧹 Cleared textbox using keyboard for element: [[RemoteWebDriver: chrome on Windows XP (66544ed6ee9923fc124bf05314be93e7b18c1ea3)] -> name: email]
✅ Typed into: Entered email text → phillip1761921420535@mail.com
🧹 Cleared textbox using keyboard for element: [[RemoteWebDriver: chrome on Windows XP (66544ed6ee9923fc124bf05314be93e7b18c1ea3)] -> name: telephone]
✅ Typed into: Entered telephone number → (125) 922-2612
🧹 Cleared textbox using keyboard for element: [[RemoteWebDriver: chrome on Windows XP (66544ed6ee9923fc124bf05314be93e7b18c1ea3)] -> name: password]
✅ Typed into: Entered password text → Password123
🧹 Cleared textbox using keyboard for element: [[RemoteWebDriver: chrome on Windows XP (66544ed6ee9923fc124bf05314be93e7b18c1ea3)] -> name: confirm]
✅ Typed into: Entered confirm password text → DifferentPassword123
  ✔ When User enters all the mandatory fields with valid data but mismatched password and confirmation # stepdefinition.RegistrationSteps.user_enters_all_the_mandatory_fields_with_valid_data_but_mismatched_password_and_confirmation()
✅ Clicked: Accept privacy policy
  ✔ And User clicks on the Privacy Policy checkbox                                                     # stepdefinition.RegistrationSteps.user_clicks_on_the_privacy_policy_checkbox()
✅ Clicked: Clicks on continue button
  ✔ And User clicks on the Continue button                                                             # stepdefinition.RegistrationSteps.user_clicks_on_the_continue_button()
Password confirmation does not match password! = Password confirmation does not match password!
✅ Text validation passed for Verifying password mismatch message: Password confirmation does not match password!
  ✔ Then User should see an error message indicating that the password and confirmation do not match   # stepdefinition.RegistrationSteps.user_should_see_an_error_message_indicating_that_the_password_and_confirmation_do_not_match()
]]></system-out>
  </testcase>
</testsuite>