<?xml version="1.0" encoding="UTF-8"?>
<testsuite xmlns:xsi="http://www.w3.org/2001/XMLSchema-instance" xsi:noNamespaceSchemaLocation="https://maven.apache.org/surefire/maven-surefire-plugin/xsd/surefire-test-report-3.0.xsd" version="3.0" name="TestSuite" time="1193.534" tests="10" errors="0" skipped="0" failures="1">
  <properties>
    <property name="java.specification.version" value="21"/>
    <property name="sun.cpu.isalist" value="amd64"/>
    <property name="sun.jnu.encoding" value="Cp1252"/>
    <property name="java.class.path" value="C:\Users\USER\eclipse-workspace\Lambda-behavior-driven-development-framework\target\test-classes;C:\Users\USER\eclipse-workspace\Lambda-behavior-driven-development-framework\target\classes;C:\Users\USER\.m2\repository\org\slf4j\slf4j-api\2.0.9\slf4j-api-2.0.9.jar;C:\Users\USER\.m2\repository\org\apache\logging\log4j\log4j-slf4j2-impl\2.22.0\log4j-slf4j2-impl-2.22.0.jar;C:\Users\USER\.m2\repository\org\apache\logging\log4j\log4j-core\2.22.0\log4j-core-2.22.0.jar;C:\Users\USER\.m2\repository\org\apache\logging\log4j\log4j-api\2.22.0\log4j-api-2.22.0.jar;C:\Users\USER\.m2\repository\io\github\cdimascio\java-dotenv\5.2.2\java-dotenv-5.2.2.jar;C:\Users\USER\.m2\repository\org\jetbrains\kotlin\kotlin-stdlib\1.4.0\kotlin-stdlib-1.4.0.jar;C:\Users\USER\.m2\repository\org\jetbrains\kotlin\kotlin-stdlib-common\1.4.0\kotlin-stdlib-common-1.4.0.jar;C:\Users\USER\.m2\repository\org\jetbrains\annotations\13.0\annotations-13.0.jar;C:\Users\USER\.m2\repository\org\seleniumhq\selenium\selenium-java\4.25.0\selenium-java-4.25.0.jar;C:\Users\USER\.m2\repository\org\seleniumhq\selenium\selenium-api\4.25.0\selenium-api-4.25.0.jar;C:\Users\USER\.m2\repository\org\jspecify\jspecify\1.0.0\jspecify-1.0.0.jar;C:\Users\USER\.m2\repository\org\seleniumhq\selenium\selenium-chrome-driver\4.25.0\selenium-chrome-driver-4.25.0.jar;C:\Users\USER\.m2\repository\com\google\auto\service\auto-service-annotations\1.1.1\auto-service-annotations-1.1.1.jar;C:\Users\USER\.m2\repository\org\seleniumhq\selenium\selenium-chromium-driver\4.25.0\selenium-chromium-driver-4.25.0.jar;C:\Users\USER\.m2\repository\org\seleniumhq\selenium\selenium-json\4.25.0\selenium-json-4.25.0.jar;C:\Users\USER\.m2\repository\org\seleniumhq\selenium\selenium-manager\4.25.0\selenium-manager-4.25.0.jar;C:\Users\USER\.m2\repository\org\seleniumhq\selenium\selenium-devtools-v127\4.25.0\selenium-devtools-v127-4.25.0.jar;C:\Users\USER\.m2\repository\org\seleniumhq\selenium\selenium-devtools-v128\4.25.0\selenium-devtools-v128-4.25.0.jar;C:\Users\USER\.m2\repository\org\seleniumhq\selenium\selenium-devtools-v129\4.25.0\selenium-devtools-v129-4.25.0.jar;C:\Users\USER\.m2\repository\org\seleniumhq\selenium\selenium-devtools-v85\4.25.0\selenium-devtools-v85-4.25.0.jar;C:\Users\USER\.m2\repository\org\seleniumhq\selenium\selenium-edge-driver\4.25.0\selenium-edge-driver-4.25.0.jar;C:\Users\USER\.m2\repository\org\seleniumhq\selenium\selenium-firefox-driver\4.25.0\selenium-firefox-driver-4.25.0.jar;C:\Users\USER\.m2\repository\org\seleniumhq\selenium\selenium-http\4.25.0\selenium-http-4.25.0.jar;C:\Users\USER\.m2\repository\dev\failsafe\failsafe\3.3.2\failsafe-3.3.2.jar;C:\Users\USER\.m2\repository\org\seleniumhq\selenium\selenium-ie-driver\4.25.0\selenium-ie-driver-4.25.0.jar;C:\Users\USER\.m2\repository\org\seleniumhq\selenium\selenium-remote-driver\4.25.0\selenium-remote-driver-4.25.0.jar;C:\Users\USER\.m2\repository\com\google\guava\guava\33.3.0-jre\guava-33.3.0-jre.jar;C:\Users\USER\.m2\repository\com\google\guava\failureaccess\1.0.2\failureaccess-1.0.2.jar;C:\Users\USER\.m2\repository\com\google\guava\listenablefuture\9999.0-empty-to-avoid-conflict-with-guava\listenablefuture-9999.0-empty-to-avoid-conflict-with-guava.jar;C:\Users\USER\.m2\repository\com\google\code\findbugs\jsr305\3.0.2\jsr305-3.0.2.jar;C:\Users\USER\.m2\repository\org\checkerframework\checker-qual\3.43.0\checker-qual-3.43.0.jar;C:\Users\USER\.m2\repository\com\google\j2objc\j2objc-annotations\3.0.0\j2objc-annotations-3.0.0.jar;C:\Users\USER\.m2\repository\io\opentelemetry\semconv\opentelemetry-semconv\1.25.0-alpha\opentelemetry-semconv-1.25.0-alpha.jar;C:\Users\USER\.m2\repository\io\opentelemetry\opentelemetry-api\1.42.1\opentelemetry-api-1.42.1.jar;C:\Users\USER\.m2\repository\io\opentelemetry\opentelemetry-context\1.42.1\opentelemetry-context-1.42.1.jar;C:\Users\USER\.m2\repository\io\opentelemetry\opentelemetry-exporter-logging\1.42.1\opentelemetry-exporter-logging-1.42.1.jar;C:\Users\USER\.m2\repository\io\opentelemetry\opentelemetry-sdk-common\1.42.1\opentelemetry-sdk-common-1.42.1.jar;C:\Users\USER\.m2\repository\io\opentelemetry\opentelemetry-sdk-extension-autoconfigure-spi\1.42.1\opentelemetry-sdk-extension-autoconfigure-spi-1.42.1.jar;C:\Users\USER\.m2\repository\io\opentelemetry\opentelemetry-sdk-extension-autoconfigure\1.42.1\opentelemetry-sdk-extension-autoconfigure-1.42.1.jar;C:\Users\USER\.m2\repository\io\opentelemetry\opentelemetry-api-incubator\1.42.1-alpha\opentelemetry-api-incubator-1.42.1-alpha.jar;C:\Users\USER\.m2\repository\io\opentelemetry\opentelemetry-sdk-trace\1.42.1\opentelemetry-sdk-trace-1.42.1.jar;C:\Users\USER\.m2\repository\io\opentelemetry\opentelemetry-sdk\1.42.1\opentelemetry-sdk-1.42.1.jar;C:\Users\USER\.m2\repository\io\opentelemetry\opentelemetry-sdk-metrics\1.42.1\opentelemetry-sdk-metrics-1.42.1.jar;C:\Users\USER\.m2\repository\io\opentelemetry\opentelemetry-sdk-logs\1.42.1\opentelemetry-sdk-logs-1.42.1.jar;C:\Users\USER\.m2\repository\net\bytebuddy\byte-buddy\1.15.1\byte-buddy-1.15.1.jar;C:\Users\USER\.m2\repository\org\seleniumhq\selenium\selenium-os\4.25.0\selenium-os-4.25.0.jar;C:\Users\USER\.m2\repository\org\apache\commons\commons-exec\1.4.0\commons-exec-1.4.0.jar;C:\Users\USER\.m2\repository\org\seleniumhq\selenium\selenium-safari-driver\4.25.0\selenium-safari-driver-4.25.0.jar;C:\Users\USER\.m2\repository\org\seleniumhq\selenium\selenium-support\4.25.0\selenium-support-4.25.0.jar;C:\Users\USER\.m2\repository\io\github\bonigarcia\webdrivermanager\5.9.2\webdrivermanager-5.9.2.jar;C:\Users\USER\.m2\repository\com\google\code\gson\gson\2.11.0\gson-2.11.0.jar;C:\Users\USER\.m2\repository\com\google\errorprone\error_prone_annotations\2.27.0\error_prone_annotations-2.27.0.jar;C:\Users\USER\.m2\repository\com\github\docker-java\docker-java\3.4.0\docker-java-3.4.0.jar;C:\Users\USER\.m2\repository\com\github\docker-java\docker-java-core\3.4.0\docker-java-core-3.4.0.jar;C:\Users\USER\.m2\repository\com\github\docker-java\docker-java-api\3.4.0\docker-java-api-3.4.0.jar;C:\Users\USER\.m2\repository\com\fasterxml\jackson\core\jackson-annotations\2.10.3\jackson-annotations-2.10.3.jar;C:\Users\USER\.m2\repository\com\fasterxml\jackson\core\jackson-databind\2.10.3\jackson-databind-2.10.3.jar;C:\Users\USER\.m2\repository\com\fasterxml\jackson\core\jackson-core\2.10.3\jackson-core-2.10.3.jar;C:\Users\USER\.m2\repository\org\slf4j\jcl-over-slf4j\1.7.30\jcl-over-slf4j-1.7.30.jar;C:\Users\USER\.m2\repository\com\github\docker-java\docker-java-transport-httpclient5\3.4.0\docker-java-transport-httpclient5-3.4.0.jar;C:\Users\USER\.m2\repository\com\github\docker-java\docker-java-transport\3.4.0\docker-java-transport-3.4.0.jar;C:\Users\USER\.m2\repository\net\java\dev\jna\jna\5.13.0\jna-5.13.0.jar;C:\Users\USER\.m2\repository\org\brotli\dec\0.1.2\dec-0.1.2.jar;C:\Users\USER\.m2\repository\org\apache\commons\commons-lang3\3.15.0\commons-lang3-3.15.0.jar;C:\Users\USER\.m2\repository\org\apache\commons\commons-compress\1.26.2\commons-compress-1.26.2.jar;C:\Users\USER\.m2\repository\commons-codec\commons-codec\1.17.0\commons-codec-1.17.0.jar;C:\Users\USER\.m2\repository\commons-io\commons-io\2.16.1\commons-io-2.16.1.jar;C:\Users\USER\.m2\repository\org\apache\httpcomponents\client5\httpclient5\5.2.1\httpclient5-5.2.1.jar;C:\Users\USER\.m2\repository\org\apache\httpcomponents\core5\httpcore5\5.2\httpcore5-5.2.jar;C:\Users\USER\.m2\repository\org\apache\httpcomponents\core5\httpcore5-h2\5.2\httpcore5-h2-5.2.jar;C:\Users\USER\.m2\repository\com\github\javafaker\javafaker\1.0.2\javafaker-1.0.2.jar;C:\Users\USER\.m2\repository\org\yaml\snakeyaml\1.23\snakeyaml-1.23-android.jar;C:\Users\USER\.m2\repository\com\github\mifmif\generex\1.0.2\generex-1.0.2.jar;C:\Users\USER\.m2\repository\dk\brics\automaton\automaton\1.11-8\automaton-1.11-8.jar;C:\Users\USER\.m2\repository\io\cucumber\cucumber-java\7.30.0\cucumber-java-7.30.0.jar;C:\Users\USER\.m2\repository\io\cucumber\cucumber-core\7.30.0\cucumber-core-7.30.0.jar;C:\Users\USER\.m2\repository\io\cucumber\cucumber-gherkin\7.30.0\cucumber-gherkin-7.30.0.jar;C:\Users\USER\.m2\repository\io\cucumber\cucumber-gherkin-messages\7.30.0\cucumber-gherkin-messages-7.30.0.jar;C:\Users\USER\.m2\repository\io\cucumber\gherkin\35.1.0\gherkin-35.1.0.jar;C:\Users\USER\.m2\repository\org\assertj\assertj-core\3.27.5\assertj-core-3.27.5.jar;C:\Users\USER\.m2\repository\io\cucumber\messages\29.0.1\messages-29.0.1.jar;C:\Users\USER\.m2\repository\io\cucumber\pretty-formatter\2.3.0\pretty-formatter-2.3.0.jar;C:\Users\USER\.m2\repository\io\cucumber\query\14.6.0\query-14.6.0.jar;C:\Users\USER\.m2\repository\io\cucumber\teamcity-formatter\0.1.1\teamcity-formatter-0.1.1.jar;C:\Users\USER\.m2\repository\io\cucumber\testng-xml-formatter\0.6.0\testng-xml-formatter-0.6.0.jar;C:\Users\USER\.m2\repository\io\cucumber\tag-expressions\6.1.2\tag-expressions-6.1.2.jar;C:\Users\USER\.m2\repository\io\cucumber\cucumber-expressions\18.0.1\cucumber-expressions-18.0.1.jar;C:\Users\USER\.m2\repository\io\cucumber\cucumber-json-formatter\0.2.1\cucumber-json-formatter-0.2.1.jar;C:\Users\USER\.m2\repository\io\cucumber\datatable\7.30.0\datatable-7.30.0.jar;C:\Users\USER\.m2\repository\io\cucumber\cucumber-plugin\7.30.0\cucumber-plugin-7.30.0.jar;C:\Users\USER\.m2\repository\io\cucumber\docstring\7.30.0\docstring-7.30.0.jar;C:\Users\USER\.m2\repository\io\cucumber\html-formatter\21.15.1\html-formatter-21.15.1.jar;C:\Users\USER\.m2\repository\io\cucumber\junit-xml-formatter\0.9.0\junit-xml-formatter-0.9.0.jar;C:\Users\USER\.m2\repository\io\cucumber\ci-environment\10.0.1\ci-environment-10.0.1.jar;C:\Users\USER\.m2\repository\org\apiguardian\apiguardian-api\1.1.2\apiguardian-api-1.1.2.jar;C:\Users\USER\.m2\repository\io\cucumber\cucumber-testng\7.30.0\cucumber-testng-7.30.0.jar;C:\Users\USER\.m2\repository\org\testng\testng\7.10.2\testng-7.10.2.jar;C:\Users\USER\.m2\repository\com\beust\jcommander\1.82\jcommander-1.82.jar;C:\Users\USER\.m2\repository\org\webjars\jquery\3.7.1\jquery-3.7.1.jar;C:\Users\USER\.m2\repository\com\aventstack\extentreports\5.0.9\extentreports-5.0.9.jar;C:\Users\USER\.m2\repository\io\reactivex\rxjava3\rxjava\3.0.4\rxjava-3.0.4.jar;C:\Users\USER\.m2\repository\org\reactivestreams\reactive-streams\1.0.3\reactive-streams-1.0.3.jar;C:\Users\USER\.m2\repository\org\freemarker\freemarker\2.3.30\freemarker-2.3.30.jar;C:\Users\USER\.m2\repository\org\projectlombok\lombok\1.18.32\lombok-1.18.32.jar;"/>
    <property name="java.vm.vendor" value="Oracle Corporation"/>
    <property name="sun.arch.data.model" value="64"/>
    <property name="user.variant" value=""/>
    <property name="java.vendor.url" value="https://java.oracle.com/"/>
    <property name="user.timezone" value="Africa/Johannesburg"/>
    <property name="os.name" value="Windows 11"/>
    <property name="java.vm.specification.version" value="21"/>
    <property name="sun.java.launcher" value="SUN_STANDARD"/>
    <property name="user.country" value="AU"/>
    <property name="sun.boot.library.path" value="C:\Program Files\Java\jdk-21\bin"/>
    <property name="sun.java.command" value="C:\Users\USER\AppData\Local\Temp\surefire7347621457503640330\surefirebooter-20251031161846991_3.jar C:\Users\USER\AppData\Local\Temp\surefire7347621457503640330 2025-10-31T16-18-46_423-jvmRun1 surefire-20251031161846991_1tmp surefire_0-20251031161846991_2tmp"/>
    <property name="jdk.debug" value="release"/>
    <property name="surefire.test.class.path" value="C:\Users\USER\eclipse-workspace\Lambda-behavior-driven-development-framework\target\test-classes;C:\Users\USER\eclipse-workspace\Lambda-behavior-driven-development-framework\target\classes;C:\Users\USER\.m2\repository\org\slf4j\slf4j-api\2.0.9\slf4j-api-2.0.9.jar;C:\Users\USER\.m2\repository\org\apache\logging\log4j\log4j-slf4j2-impl\2.22.0\log4j-slf4j2-impl-2.22.0.jar;C:\Users\USER\.m2\repository\org\apache\logging\log4j\log4j-core\2.22.0\log4j-core-2.22.0.jar;C:\Users\USER\.m2\repository\org\apache\logging\log4j\log4j-api\2.22.0\log4j-api-2.22.0.jar;C:\Users\USER\.m2\repository\io\github\cdimascio\java-dotenv\5.2.2\java-dotenv-5.2.2.jar;C:\Users\USER\.m2\repository\org\jetbrains\kotlin\kotlin-stdlib\1.4.0\kotlin-stdlib-1.4.0.jar;C:\Users\USER\.m2\repository\org\jetbrains\kotlin\kotlin-stdlib-common\1.4.0\kotlin-stdlib-common-1.4.0.jar;C:\Users\USER\.m2\repository\org\jetbrains\annotations\13.0\annotations-13.0.jar;C:\Users\USER\.m2\repository\org\seleniumhq\selenium\selenium-java\4.25.0\selenium-java-4.25.0.jar;C:\Users\USER\.m2\repository\org\seleniumhq\selenium\selenium-api\4.25.0\selenium-api-4.25.0.jar;C:\Users\USER\.m2\repository\org\jspecify\jspecify\1.0.0\jspecify-1.0.0.jar;C:\Users\USER\.m2\repository\org\seleniumhq\selenium\selenium-chrome-driver\4.25.0\selenium-chrome-driver-4.25.0.jar;C:\Users\USER\.m2\repository\com\google\auto\service\auto-service-annotations\1.1.1\auto-service-annotations-1.1.1.jar;C:\Users\USER\.m2\repository\org\seleniumhq\selenium\selenium-chromium-driver\4.25.0\selenium-chromium-driver-4.25.0.jar;C:\Users\USER\.m2\repository\org\seleniumhq\selenium\selenium-json\4.25.0\selenium-json-4.25.0.jar;C:\Users\USER\.m2\repository\org\seleniumhq\selenium\selenium-manager\4.25.0\selenium-manager-4.25.0.jar;C:\Users\USER\.m2\repository\org\seleniumhq\selenium\selenium-devtools-v127\4.25.0\selenium-devtools-v127-4.25.0.jar;C:\Users\USER\.m2\repository\org\seleniumhq\selenium\selenium-devtools-v128\4.25.0\selenium-devtools-v128-4.25.0.jar;C:\Users\USER\.m2\repository\org\seleniumhq\selenium\selenium-devtools-v129\4.25.0\selenium-devtools-v129-4.25.0.jar;C:\Users\USER\.m2\repository\org\seleniumhq\selenium\selenium-devtools-v85\4.25.0\selenium-devtools-v85-4.25.0.jar;C:\Users\USER\.m2\repository\org\seleniumhq\selenium\selenium-edge-driver\4.25.0\selenium-edge-driver-4.25.0.jar;C:\Users\USER\.m2\repository\org\seleniumhq\selenium\selenium-firefox-driver\4.25.0\selenium-firefox-driver-4.25.0.jar;C:\Users\USER\.m2\repository\org\seleniumhq\selenium\selenium-http\4.25.0\selenium-http-4.25.0.jar;C:\Users\USER\.m2\repository\dev\failsafe\failsafe\3.3.2\failsafe-3.3.2.jar;C:\Users\USER\.m2\repository\org\seleniumhq\selenium\selenium-ie-driver\4.25.0\selenium-ie-driver-4.25.0.jar;C:\Users\USER\.m2\repository\org\seleniumhq\selenium\selenium-remote-driver\4.25.0\selenium-remote-driver-4.25.0.jar;C:\Users\USER\.m2\repository\com\google\guava\guava\33.3.0-jre\guava-33.3.0-jre.jar;C:\Users\USER\.m2\repository\com\google\guava\failureaccess\1.0.2\failureaccess-1.0.2.jar;C:\Users\USER\.m2\repository\com\google\guava\listenablefuture\9999.0-empty-to-avoid-conflict-with-guava\listenablefuture-9999.0-empty-to-avoid-conflict-with-guava.jar;C:\Users\USER\.m2\repository\com\google\code\findbugs\jsr305\3.0.2\jsr305-3.0.2.jar;C:\Users\USER\.m2\repository\org\checkerframework\checker-qual\3.43.0\checker-qual-3.43.0.jar;C:\Users\USER\.m2\repository\com\google\j2objc\j2objc-annotations\3.0.0\j2objc-annotations-3.0.0.jar;C:\Users\USER\.m2\repository\io\opentelemetry\semconv\opentelemetry-semconv\1.25.0-alpha\opentelemetry-semconv-1.25.0-alpha.jar;C:\Users\USER\.m2\repository\io\opentelemetry\opentelemetry-api\1.42.1\opentelemetry-api-1.42.1.jar;C:\Users\USER\.m2\repository\io\opentelemetry\opentelemetry-context\1.42.1\opentelemetry-context-1.42.1.jar;C:\Users\USER\.m2\repository\io\opentelemetry\opentelemetry-exporter-logging\1.42.1\opentelemetry-exporter-logging-1.42.1.jar;C:\Users\USER\.m2\repository\io\opentelemetry\opentelemetry-sdk-common\1.42.1\opentelemetry-sdk-common-1.42.1.jar;C:\Users\USER\.m2\repository\io\opentelemetry\opentelemetry-sdk-extension-autoconfigure-spi\1.42.1\opentelemetry-sdk-extension-autoconfigure-spi-1.42.1.jar;C:\Users\USER\.m2\repository\io\opentelemetry\opentelemetry-sdk-extension-autoconfigure\1.42.1\opentelemetry-sdk-extension-autoconfigure-1.42.1.jar;C:\Users\USER\.m2\repository\io\opentelemetry\opentelemetry-api-incubator\1.42.1-alpha\opentelemetry-api-incubator-1.42.1-alpha.jar;C:\Users\USER\.m2\repository\io\opentelemetry\opentelemetry-sdk-trace\1.42.1\opentelemetry-sdk-trace-1.42.1.jar;C:\Users\USER\.m2\repository\io\opentelemetry\opentelemetry-sdk\1.42.1\opentelemetry-sdk-1.42.1.jar;C:\Users\USER\.m2\repository\io\opentelemetry\opentelemetry-sdk-metrics\1.42.1\opentelemetry-sdk-metrics-1.42.1.jar;C:\Users\USER\.m2\repository\io\opentelemetry\opentelemetry-sdk-logs\1.42.1\opentelemetry-sdk-logs-1.42.1.jar;C:\Users\USER\.m2\repository\net\bytebuddy\byte-buddy\1.15.1\byte-buddy-1.15.1.jar;C:\Users\USER\.m2\repository\org\seleniumhq\selenium\selenium-os\4.25.0\selenium-os-4.25.0.jar;C:\Users\USER\.m2\repository\org\apache\commons\commons-exec\1.4.0\commons-exec-1.4.0.jar;C:\Users\USER\.m2\repository\org\seleniumhq\selenium\selenium-safari-driver\4.25.0\selenium-safari-driver-4.25.0.jar;C:\Users\USER\.m2\repository\org\seleniumhq\selenium\selenium-support\4.25.0\selenium-support-4.25.0.jar;C:\Users\USER\.m2\repository\io\github\bonigarcia\webdrivermanager\5.9.2\webdrivermanager-5.9.2.jar;C:\Users\USER\.m2\repository\com\google\code\gson\gson\2.11.0\gson-2.11.0.jar;C:\Users\USER\.m2\repository\com\google\errorprone\error_prone_annotations\2.27.0\error_prone_annotations-2.27.0.jar;C:\Users\USER\.m2\repository\com\github\docker-java\docker-java\3.4.0\docker-java-3.4.0.jar;C:\Users\USER\.m2\repository\com\github\docker-java\docker-java-core\3.4.0\docker-java-core-3.4.0.jar;C:\Users\USER\.m2\repository\com\github\docker-java\docker-java-api\3.4.0\docker-java-api-3.4.0.jar;C:\Users\USER\.m2\repository\com\fasterxml\jackson\core\jackson-annotations\2.10.3\jackson-annotations-2.10.3.jar;C:\Users\USER\.m2\repository\com\fasterxml\jackson\core\jackson-databind\2.10.3\jackson-databind-2.10.3.jar;C:\Users\USER\.m2\repository\com\fasterxml\jackson\core\jackson-core\2.10.3\jackson-core-2.10.3.jar;C:\Users\USER\.m2\repository\org\slf4j\jcl-over-slf4j\1.7.30\jcl-over-slf4j-1.7.30.jar;C:\Users\USER\.m2\repository\com\github\docker-java\docker-java-transport-httpclient5\3.4.0\docker-java-transport-httpclient5-3.4.0.jar;C:\Users\USER\.m2\repository\com\github\docker-java\docker-java-transport\3.4.0\docker-java-transport-3.4.0.jar;C:\Users\USER\.m2\repository\net\java\dev\jna\jna\5.13.0\jna-5.13.0.jar;C:\Users\USER\.m2\repository\org\brotli\dec\0.1.2\dec-0.1.2.jar;C:\Users\USER\.m2\repository\org\apache\commons\commons-lang3\3.15.0\commons-lang3-3.15.0.jar;C:\Users\USER\.m2\repository\org\apache\commons\commons-compress\1.26.2\commons-compress-1.26.2.jar;C:\Users\USER\.m2\repository\commons-codec\commons-codec\1.17.0\commons-codec-1.17.0.jar;C:\Users\USER\.m2\repository\commons-io\commons-io\2.16.1\commons-io-2.16.1.jar;C:\Users\USER\.m2\repository\org\apache\httpcomponents\client5\httpclient5\5.2.1\httpclient5-5.2.1.jar;C:\Users\USER\.m2\repository\org\apache\httpcomponents\core5\httpcore5\5.2\httpcore5-5.2.jar;C:\Users\USER\.m2\repository\org\apache\httpcomponents\core5\httpcore5-h2\5.2\httpcore5-h2-5.2.jar;C:\Users\USER\.m2\repository\com\github\javafaker\javafaker\1.0.2\javafaker-1.0.2.jar;C:\Users\USER\.m2\repository\org\yaml\snakeyaml\1.23\snakeyaml-1.23-android.jar;C:\Users\USER\.m2\repository\com\github\mifmif\generex\1.0.2\generex-1.0.2.jar;C:\Users\USER\.m2\repository\dk\brics\automaton\automaton\1.11-8\automaton-1.11-8.jar;C:\Users\USER\.m2\repository\io\cucumber\cucumber-java\7.30.0\cucumber-java-7.30.0.jar;C:\Users\USER\.m2\repository\io\cucumber\cucumber-core\7.30.0\cucumber-core-7.30.0.jar;C:\Users\USER\.m2\repository\io\cucumber\cucumber-gherkin\7.30.0\cucumber-gherkin-7.30.0.jar;C:\Users\USER\.m2\repository\io\cucumber\cucumber-gherkin-messages\7.30.0\cucumber-gherkin-messages-7.30.0.jar;C:\Users\USER\.m2\repository\io\cucumber\gherkin\35.1.0\gherkin-35.1.0.jar;C:\Users\USER\.m2\repository\org\assertj\assertj-core\3.27.5\assertj-core-3.27.5.jar;C:\Users\USER\.m2\repository\io\cucumber\messages\29.0.1\messages-29.0.1.jar;C:\Users\USER\.m2\repository\io\cucumber\pretty-formatter\2.3.0\pretty-formatter-2.3.0.jar;C:\Users\USER\.m2\repository\io\cucumber\query\14.6.0\query-14.6.0.jar;C:\Users\USER\.m2\repository\io\cucumber\teamcity-formatter\0.1.1\teamcity-formatter-0.1.1.jar;C:\Users\USER\.m2\repository\io\cucumber\testng-xml-formatter\0.6.0\testng-xml-formatter-0.6.0.jar;C:\Users\USER\.m2\repository\io\cucumber\tag-expressions\6.1.2\tag-expressions-6.1.2.jar;C:\Users\USER\.m2\repository\io\cucumber\cucumber-expressions\18.0.1\cucumber-expressions-18.0.1.jar;C:\Users\USER\.m2\repository\io\cucumber\cucumber-json-formatter\0.2.1\cucumber-json-formatter-0.2.1.jar;C:\Users\USER\.m2\repository\io\cucumber\datatable\7.30.0\datatable-7.30.0.jar;C:\Users\USER\.m2\repository\io\cucumber\cucumber-plugin\7.30.0\cucumber-plugin-7.30.0.jar;C:\Users\USER\.m2\repository\io\cucumber\docstring\7.30.0\docstring-7.30.0.jar;C:\Users\USER\.m2\repository\io\cucumber\html-formatter\21.15.1\html-formatter-21.15.1.jar;C:\Users\USER\.m2\repository\io\cucumber\junit-xml-formatter\0.9.0\junit-xml-formatter-0.9.0.jar;C:\Users\USER\.m2\repository\io\cucumber\ci-environment\10.0.1\ci-environment-10.0.1.jar;C:\Users\USER\.m2\repository\org\apiguardian\apiguardian-api\1.1.2\apiguardian-api-1.1.2.jar;C:\Users\USER\.m2\repository\io\cucumber\cucumber-testng\7.30.0\cucumber-testng-7.30.0.jar;C:\Users\USER\.m2\repository\org\testng\testng\7.10.2\testng-7.10.2.jar;C:\Users\USER\.m2\repository\com\beust\jcommander\1.82\jcommander-1.82.jar;C:\Users\USER\.m2\repository\org\webjars\jquery\3.7.1\jquery-3.7.1.jar;C:\Users\USER\.m2\repository\com\aventstack\extentreports\5.0.9\extentreports-5.0.9.jar;C:\Users\USER\.m2\repository\io\reactivex\rxjava3\rxjava\3.0.4\rxjava-3.0.4.jar;C:\Users\USER\.m2\repository\org\reactivestreams\reactive-streams\1.0.3\reactive-streams-1.0.3.jar;C:\Users\USER\.m2\repository\org\freemarker\freemarker\2.3.30\freemarker-2.3.30.jar;C:\Users\USER\.m2\repository\org\projectlombok\lombok\1.18.32\lombok-1.18.32.jar;"/>
    <property name="sun.cpu.endian" value="little"/>
    <property name="user.home" value="C:\Users\USER"/>
    <property name="user.language" value="en"/>
    <property name="java.specification.vendor" value="Oracle Corporation"/>
    <property name="java.version.date" value="2025-07-15"/>
    <property name="java.home" value="C:\Program Files\Java\jdk-21"/>
    <property name="file.separator" value="\"/>
    <property name="basedir" value="C:\Users\USER\eclipse-workspace\Lambda-behavior-driven-development-framework"/>
    <property name="java.vm.compressedOopsMode" value="32-bit"/>
    <property name="line.separator" value="&#10;"/>
    <property name="java.vm.specification.vendor" value="Oracle Corporation"/>
    <property name="java.specification.name" value="Java Platform API Specification"/>
    <property name="surefire.real.class.path" value="C:\Users\USER\AppData\Local\Temp\surefire7347621457503640330\surefirebooter-20251031161846991_3.jar"/>
    <property name="user.script" value=""/>
    <property name="sun.management.compiler" value="HotSpot 64-Bit Tiered Compilers"/>
    <property name="java.runtime.version" value="21.0.8+12-LTS-250"/>
    <property name="user.name" value="USER"/>
    <property name="stdout.encoding" value="Cp1252"/>
    <property name="path.separator" value=";"/>
    <property name="otel.metrics.exporter" value="none"/>
    <property name="os.version" value="10.0"/>
    <property name="java.runtime.name" value="Java(TM) SE Runtime Environment"/>
    <property name="otel.traces.exporter" value="none"/>
    <property name="file.encoding" value="UTF-8"/>
    <property name="java.vm.name" value="Java HotSpot(TM) 64-Bit Server VM"/>
    <property name="localRepository" value="C:\Users\USER\.m2\repository"/>
    <property name="java.vendor.url.bug" value="https://bugreport.java.com/bugreport/"/>
    <property name="otel.logs.exporter" value="none"/>
    <property name="java.io.tmpdir" value="C:\Users\USER\AppData\Local\Temp\"/>
    <property name="java.version" value="21.0.8"/>
    <property name="user.dir" value="C:\Users\USER\eclipse-workspace\Lambda-behavior-driven-development-framework"/>
    <property name="os.arch" value="amd64"/>
    <property name="java.vm.specification.name" value="Java Virtual Machine Specification"/>
    <property name="sun.os.patch.level" value=""/>
    <property name="native.encoding" value="Cp1252"/>
    <property name="java.library.path" value="C:\Program Files\Java\jdk-21\bin;C:\Windows\Sun\Java\bin;C:\Windows\system32;C:\Windows;C:\Users\USER\Documents\cmder\vendor\conemu-maximus5\ConEmu\Scripts;C:\Users\USER\Documents\cmder\vendor\conemu-maximus5;C:\Users\USER\Documents\cmder\vendor\conemu-maximus5\ConEmu;C:\Program Files (x86)\Microsoft SDKs\Azure\CLI2\wbin;C:\Program Files\Common Files\Oracle\Java\javapath;C:\Windows\system32;C:\Windows;C:\Windows\System32\Wbem;C:\Windows\System32\WindowsPowerShell\v1.0\;C:\Windows\System32\OpenSSH\;C:\Program Files\Microsoft SQL Server\150\Tools\Binn\;C:\Program Files\Microsoft SQL Server\Client SDK\ODBC\170\Tools\Binn\;C:\Program Files (x86)\Microsoft SQL Server\160\Tools\Binn\;C:\Program Files\Microsoft SQL Server\160\Tools\Binn\;C:\Program Files\Microsoft SQL Server\160\DTS\Binn\;C:\Program Files (x86)\Microsoft SQL Server\160\DTS\Binn\;C:\Program Files\Azure Data Studio\bin;C:\Program Files\dotnet\;C:\Program Files\Docker\Docker\resources\bin;C:\Program Files\nodejs\;C:\Program Files\Git\cmd;C:\Program Files\Git\bin;C:\Program Files\Git\cmd;C:\Program Files\apache-maven-3.9.10-bin\apache-maven-3.9.10\bin;%CATALINA%\bin;C:\Program Files\Java\jdk-21\bin;C:\Program Files\Java\jdk-17\bin;C:\Program Files (x86)\Microsoft SDKs\Azure\CLI2\wbin;C:\Program Files\Common Files\Oracle\Java\javapath;C:\Windows\system32;C:\Windows;C:\Windows\System32\Wbem;C:\Windows\System32\WindowsPowerShell\v1.0\;C:\Windows\System32\OpenSSH\;C:\Program Files\Microsoft SQL Server\150\Tools\Binn\;C:\Program Files\Microsoft SQL Server\Client SDK\ODBC\170\Tools\Binn\;C:\Program Files (x86)\Microsoft SQL Server\160\Tools\Binn\;C:\Program Files\Microsoft SQL Server\160\Tools\Binn\;C:\Program Files\Microsoft SQL Server\160\DTS\Binn\;C:\Program Files (x86)\Microsoft SQL Server\160\DTS\Binn\;C:\Program Files\Azure Data Studio\bin;C:\Program Files\dotnet\;C:\Program Files\Docker\Docker\resources\bin;C:\Program Files\nodejs\;C:\Program Files\Git\cmd;C:\Program Files\Git\bin;C:\Program Files\Git\cmd;C:\Program Files\apache-maven-3.9.10-bin\apache-maven-3.9.10\bin;%CATALINA%\bin;C:\Program Files\Java\jdk-17\bin;C:\Users\USER\AppData\Local\Programs\Eclipse Adoptium\jdk-17.0.16.8-hotspot\bin;C:\User;C:\Users\USER\AppData\Local\Programs\Microsoft VS Code\bin;C:\Program Files\Git\mingw64\bin;C:\Program Files\Git\usr\bin;C:\Users\USER\Documents\cmder\vendor\bin;C:\Users\USER\Documents\cmder;."/>
    <property name="java.vm.info" value="mixed mode, sharing"/>
    <property name="stderr.encoding" value="Cp1252"/>
    <property name="java.vendor" value="Oracle Corporation"/>
    <property name="java.vm.version" value="21.0.8+12-LTS-250"/>
    <property name="sun.io.unicode.encoding" value="UnicodeLittle"/>
    <property name="java.class.version" value="65.0"/>
  </properties>
  <testcase name="runScenario[&quot;Successful Login with Valid Credentials&quot;, &quot;Login User Functionality&quot;](1)" classname="testrunner.TestRunner" time="82.363">
    <failure message="java.net.http.HttpConnectTimeoutException: HTTP connect timed out&#10;Build info: version: &apos;4.25.0&apos;, revision: &apos;8a8aea2337&apos;&#10;System info: os.name: &apos;Windows 11&apos;, os.arch: &apos;amd64&apos;, os.version: &apos;10.0&apos;, java.version: &apos;21.0.8&apos;&#10;Driver info: org.openqa.selenium.remote.RemoteWebDriver&#10;Command: [66544ed6ee9923fc124bf05314be93e7b18c1ea3, isElementDisplayed {id=f.A21DB90A643F8D571680A093D5EE72C5.d.390FCEE1C13676F50F43C04E2CEC8758.e.59}]&#10;Capabilities {acceptInsecureCerts: false, browserName: chrome, browserVersion: 141.0.7390.55, chrome: {chromedriverVersion: 141.0.7390.54 (b95610d5c4a5..., userDataDir: C:\Windows\proxy\scoped_dir...}, fedcm:accounts: true, goog:chromeOptions: {debuggerAddress: localhost:2704}, goog:loggingPrefs: {browser: SEVERE, driver: ALL, performance: ALL, server: ALL}, networkConnectionEnabled: false, pageLoadStrategy: normal, platformName: Windows XP, proxy: Proxy(), se:bidiEnabled: false, se:cdpVersion: 141.0.7390.55, setWindowRect: true, strictFileInteractability: false, timeouts: {implicit: 0, pageLoad: 300000, script: 30000}, unhandledPromptBehavior: dismiss and notify, webauthn:extension:credBlob: true, webauthn:extension:largeBlob: true, webauthn:extension:minPinLength: true, webauthn:extension:prf: true, webauthn:virtualAuthenticators: true}&#10;Element: [[RemoteWebDriver: chrome on Windows XP (66544ed6ee9923fc124bf05314be93e7b18c1ea3)] -&gt; css selector: input[name=&apos;password&apos;]]&#10;Session ID: 66544ed6ee9923fc124bf05314be93e7b18c1ea3" type="org.openqa.selenium.TimeoutException"><![CDATA[org.openqa.selenium.TimeoutException: 
java.net.http.HttpConnectTimeoutException: HTTP connect timed out
Build info: version: '4.25.0', revision: '8a8aea2337'
System info: os.name: 'Windows 11', os.arch: 'amd64', os.version: '10.0', java.version: '21.0.8'
Driver info: org.openqa.selenium.remote.RemoteWebDriver
Command: [66544ed6ee9923fc124bf05314be93e7b18c1ea3, isElementDisplayed {id=f.A21DB90A643F8D571680A093D5EE72C5.d.390FCEE1C13676F50F43C04E2CEC8758.e.59}]
Capabilities {acceptInsecureCerts: false, browserName: chrome, browserVersion: 141.0.7390.55, chrome: {chromedriverVersion: 141.0.7390.54 (b95610d5c4a5..., userDataDir: C:\Windows\proxy\scoped_dir...}, fedcm:accounts: true, goog:chromeOptions: {debuggerAddress: localhost:2704}, goog:loggingPrefs: {browser: SEVERE, driver: ALL, performance: ALL, server: ALL}, networkConnectionEnabled: false, pageLoadStrategy: normal, platformName: Windows XP, proxy: Proxy(), se:bidiEnabled: false, se:cdpVersion: 141.0.7390.55, setWindowRect: true, strictFileInteractability: false, timeouts: {implicit: 0, pageLoad: 300000, script: 30000}, unhandledPromptBehavior: dismiss and notify, webauthn:extension:credBlob: true, webauthn:extension:largeBlob: true, webauthn:extension:minPinLength: true, webauthn:extension:prf: true, webauthn:virtualAuthenticators: true}
Element: [[RemoteWebDriver: chrome on Windows XP (66544ed6ee9923fc124bf05314be93e7b18c1ea3)] -> css selector: input[name='password']]
Session ID: 66544ed6ee9923fc124bf05314be93e7b18c1ea3
	at org.openqa.selenium.remote.http.jdk.JdkHttpClient.execute0(JdkHttpClient.java:408)
	at org.openqa.selenium.remote.http.AddSeleniumUserAgent.lambda$apply$0(AddSeleniumUserAgent.java:42)
	at org.openqa.selenium.remote.http.Filter.lambda$andFinally$1(Filter.java:55)
	at org.openqa.selenium.remote.http.jdk.JdkHttpClient.execute(JdkHttpClient.java:374)
	at org.openqa.selenium.remote.tracing.TracedHttpClient.execute(TracedHttpClient.java:54)
	at org.openqa.selenium.remote.HttpCommandExecutor.execute(HttpCommandExecutor.java:187)
	at org.openqa.selenium.remote.TracedCommandExecutor.execute(TracedCommandExecutor.java:53)
	at org.openqa.selenium.remote.RemoteWebDriver.execute(RemoteWebDriver.java:545)
	at org.openqa.selenium.remote.RemoteWebElement.execute(RemoteWebElement.java:223)
	at org.openqa.selenium.remote.RemoteWebElement.isDisplayed(RemoteWebElement.java:282)
	at java.base/jdk.internal.reflect.DirectMethodHandleAccessor.invoke(DirectMethodHandleAccessor.java:103)
	at java.base/java.lang.reflect.Method.invoke(Method.java:580)
	at org.openqa.selenium.support.pagefactory.internal.LocatingElementHandler.invoke(LocatingElementHandler.java:51)
	at jdk.proxy2/jdk.proxy2.$Proxy28.isDisplayed(Unknown Source)
	at org.openqa.selenium.support.ui.ExpectedConditions.elementIfVisible(ExpectedConditions.java:304)
	at org.openqa.selenium.support.ui.ExpectedConditions$10.apply(ExpectedConditions.java:290)
	at org.openqa.selenium.support.ui.ExpectedConditions$10.apply(ExpectedConditions.java:287)
	at org.openqa.selenium.support.ui.ExpectedConditions$23.apply(ExpectedConditions.java:656)
	at org.openqa.selenium.support.ui.ExpectedConditions$23.apply(ExpectedConditions.java:652)
	at org.openqa.selenium.support.ui.FluentWait.until(FluentWait.java:203)
	at utils.TestBase.sendKeys(TestBase.java:116)
	at Pages.LoginPage.enterPassword(LoginPage.java:98)
	at stepdefinition.LoginSteps.user_enters_valid_email_and_password(LoginSteps.java:90)
	at âœ½.User enters valid email and password(file:///C:/Users/USER/eclipse-workspace/Lambda-behavior-driven-development-framework/src/test/resources/features/LoginUser.feature:12)
Caused by: java.net.http.HttpConnectTimeoutException: HTTP connect timed out
	at java.net.http/jdk.internal.net.http.MultiExchange.toTimeoutException(MultiExchange.java:611)
	at java.net.http/jdk.internal.net.http.MultiExchange.getExceptionalCF(MultiExchange.java:555)
	at java.net.http/jdk.internal.net.http.MultiExchange.lambda$responseAsyncImpl$7(MultiExchange.java:474)
	at java.base/java.util.concurrent.CompletableFuture.uniHandle(CompletableFuture.java:934)
	at java.base/java.util.concurrent.CompletableFuture$UniHandle.tryFire(CompletableFuture.java:911)
	at java.base/java.util.concurrent.CompletableFuture.postComplete(CompletableFuture.java:510)
	at java.base/java.util.concurrent.CompletableFuture.completeExceptionally(CompletableFuture.java:2194)
	at java.net.http/jdk.internal.net.http.Http1Exchange.lambda$cancelImpl$9(Http1Exchange.java:592)
	at java.base/java.util.concurrent.ThreadPoolExecutor.runWorker(ThreadPoolExecutor.java:1144)
	at java.base/java.util.concurrent.ThreadPoolExecutor$Worker.run(ThreadPoolExecutor.java:642)
	at java.base/java.lang.Thread.run(Thread.java:1583)
Caused by: java.net.ConnectException: HTTP connect timed out
	at java.net.http/jdk.internal.net.http.MultiExchange.toTimeoutException(MultiExchange.java:612)
	... 10 more
]]></failure>
    <system-out><![CDATA[
Scenario: Successful Login with Valid Credentials             # file:///C:/Users/USER/eclipse-workspace/Lambda-behavior-driven-development-framework/src/test/resources/features/LoginUser.feature:10
BrowserStack Video URL: https://automate.browserstack.com/sessions/66544ed6ee9923fc124bf05314be93e7b18c1ea3.mp4
âœ… User data loaded: ressie1760772915078@mail.com
âœ… User data loaded: ressie1760772915078@mail.com
  âœ” Given User launches the lambdaTest home page              # stepdefinition.RegistrationSteps.user_launches_the_lambda_test_home_page()
  âœ” When User hovers over the My Account menu                 # stepdefinition.RegistrationSteps.user_hovers_over_the_my_account_menu()
Running on BrowserStack as user: null
  âœ” And User clicks on the Login link                         # stepdefinition.LoginSteps.user_clicks_on_the_login_link()
ðŸ§¹ Cleared textbox using keyboard for element: [[RemoteWebDriver: chrome on Windows XP (66544ed6ee9923fc124bf05314be93e7b18c1ea3)] -> css selector: input[name='email']]
âœ… Typed into: Email entered in email input field â†’ ressie1760772915078@mail.com
ðŸ§¹ Cleared textbox using keyboard for element: [[RemoteWebDriver: chrome on Windows XP (66544ed6ee9923fc124bf05314be93e7b18c1ea3)] -> css selector: input[name='password']]
  âœ˜ When User enters valid email and password                 # stepdefinition.LoginSteps.user_enters_valid_email_and_password()
        org.openqa.selenium.TimeoutException: java.net.http.HttpConnectTimeoutException: HTTP connect timed out
        Build info: version: '4.25.0', revision: '8a8aea2337'
        System info: os.name: 'Windows 11', os.arch: 'amd64', os.version: '10.0', java.version: '21.0.8'
        Driver info: org.openqa.selenium.remote.RemoteWebDriver
        Command: [66544ed6ee9923fc124bf05314be93e7b18c1ea3, isElementDisplayed {id=f.A21DB90A643F8D571680A093D5EE72C5.d.390FCEE1C13676F50F43C04E2CEC8758.e.59}]
        Capabilities {acceptInsecureCerts: false, browserName: chrome, browserVersion: 141.0.7390.55, chrome: {chromedriverVersion: 141.0.7390.54 (b95610d5c4a5..., userDataDir: C:\Windows\proxy\scoped_dir...}, fedcm:accounts: true, goog:chromeOptions: {debuggerAddress: localhost:2704}, goog:loggingPrefs: {browser: SEVERE, driver: ALL, performance: ALL, server: ALL}, networkConnectionEnabled: false, pageLoadStrategy: normal, platformName: Windows XP, proxy: Proxy(), se:bidiEnabled: false, se:cdpVersion: 141.0.7390.55, setWindowRect: true, strictFileInteractability: false, timeouts: {implicit: 0, pageLoad: 300000, script: 30000}, unhandledPromptBehavior: dismiss and notify, webauthn:extension:credBlob: true, webauthn:extension:largeBlob: true, webauthn:extension:minPinLength: true, webauthn:extension:prf: true, webauthn:virtualAuthenticators: true}
        Element: [[RemoteWebDriver: chrome on Windows XP (66544ed6ee9923fc124bf05314be93e7b18c1ea3)] -> css selector: input[name='password']]
        Session ID: 66544ed6ee9923fc124bf05314be93e7b18c1ea3
        	at org.openqa.selenium.remote.http.jdk.JdkHttpClient.execute0(JdkHttpClient.java:408)
        	at org.openqa.selenium.remote.http.AddSeleniumUserAgent.lambda$apply$0(AddSeleniumUserAgent.java:42)
        	at org.openqa.selenium.remote.http.Filter.lambda$andFinally$1(Filter.java:55)
        	at org.openqa.selenium.remote.http.jdk.JdkHttpClient.execute(JdkHttpClient.java:374)
        	at org.openqa.selenium.remote.tracing.TracedHttpClient.execute(TracedHttpClient.java:54)
        	at org.openqa.selenium.remote.HttpCommandExecutor.execute(HttpCommandExecutor.java:187)
        	at org.openqa.selenium.remote.TracedCommandExecutor.execute(TracedCommandExecutor.java:53)
        	at org.openqa.selenium.remote.RemoteWebDriver.execute(RemoteWebDriver.java:545)
        	at org.openqa.selenium.remote.RemoteWebElement.execute(RemoteWebElement.java:223)
        	at org.openqa.selenium.remote.RemoteWebElement.isDisplayed(RemoteWebElement.java:282)
        	at java.base/jdk.internal.reflect.DirectMethodHandleAccessor.invoke(DirectMethodHandleAccessor.java:103)
        	at java.base/java.lang.reflect.Method.invoke(Method.java:580)
        	at org.openqa.selenium.support.pagefactory.internal.LocatingElementHandler.invoke(LocatingElementHandler.java:51)
        	at jdk.proxy2/jdk.proxy2.$Proxy28.isDisplayed(Unknown Source)
        	at org.openqa.selenium.support.ui.ExpectedConditions.elementIfVisible(ExpectedConditions.java:304)
        	at org.openqa.selenium.support.ui.ExpectedConditions$10.apply(ExpectedConditions.java:290)
        	at org.openqa.selenium.support.ui.ExpectedConditions$10.apply(ExpectedConditions.java:287)
        	at org.openqa.selenium.support.ui.ExpectedConditions$23.apply(ExpectedConditions.java:656)
        	at org.openqa.selenium.support.ui.ExpectedConditions$23.apply(ExpectedConditions.java:652)
        	at org.openqa.selenium.support.ui.FluentWait.until(FluentWait.java:203)
        	at utils.TestBase.sendKeys(TestBase.java:116)
        	at Pages.LoginPage.enterPassword(LoginPage.java:98)
        	at stepdefinition.LoginSteps.user_enters_valid_email_and_password(LoginSteps.java:90)
        	at âœ½.User enters valid email and password(file:///C:/Users/USER/eclipse-workspace/Lambda-behavior-driven-development-framework/src/test/resources/features/LoginUser.feature:12)
        Caused by: java.net.http.HttpConnectTimeoutException: HTTP connect timed out
        	at java.net.http/jdk.internal.net.http.MultiExchange.toTimeoutException(MultiExchange.java:611)
        	at java.net.http/jdk.internal.net.http.MultiExchange.getExceptionalCF(MultiExchange.java:555)
        	at java.net.http/jdk.internal.net.http.MultiExchange.lambda$responseAsyncImpl$7(MultiExchange.java:474)
        	at java.base/java.util.concurrent.CompletableFuture.uniHandle(CompletableFuture.java:934)
        	at java.base/java.util.concurrent.CompletableFuture$UniHandle.tryFire(CompletableFuture.java:911)
        	at java.base/java.util.concurrent.CompletableFuture.postComplete(CompletableFuture.java:510)
        	at java.base/java.util.concurrent.CompletableFuture.completeExceptionally(CompletableFuture.java:2194)
        	at java.net.http/jdk.internal.net.http.Http1Exchange.lambda$cancelImpl$9(Http1Exchange.java:592)
        	at java.base/java.util.concurrent.ThreadPoolExecutor.runWorker(ThreadPoolExecutor.java:1144)
        	at java.base/java.util.concurrent.ThreadPoolExecutor$Worker.run(ThreadPoolExecutor.java:642)
        	at java.base/java.lang.Thread.run(Thread.java:1583)
        Caused by: java.net.ConnectException: HTTP connect timed out
        	at java.net.http/jdk.internal.net.http.MultiExchange.toTimeoutException(MultiExchange.java:612)
        	... 10 more
  â†· And User clicks on the Login button                       # stepdefinition.LoginSteps.user_clicks_on_the_login_button()
  â†· Then User should be redirected to their account dashboard # stepdefinition.LoginSteps.user_should_be_redirected_to_their_account_dashboard()
16:20:25.261 [main] ERROR hooks.Hooks - âŒ Scenario failed: Successful Login with Valid Credentials
]]></system-out>
    <system-err><![CDATA[Oct 31, 2025 4:19:06 PM org.openqa.selenium.remote.tracing.opentelemetry.OpenTelemetryTracer createTracer
INFO: Using OpenTelemetry for tracing
â³ Timeout: Failed to send keys to Password entered in password input field within 15 seconds.
]]></system-err>
  </testcase>
  <testcase name="runScenario[&quot;Login with Invalid Password&quot;, &quot;Login User Functionality&quot;](2)" classname="testrunner.TestRunner" time="77.693">
    <system-out><![CDATA[
Scenario: Login with Invalid Password                                   # file:///C:/Users/USER/eclipse-workspace/Lambda-behavior-driven-development-framework/src/test/resources/features/LoginUser.feature:16
âœ… User data loaded: ressie1760772915078@mail.com
âœ… User data loaded: ressie1760772915078@mail.com
  âœ” Given User launches the lambdaTest home page                        # stepdefinition.RegistrationSteps.user_launches_the_lambda_test_home_page()
  âœ” When User hovers over the My Account menu                           # stepdefinition.RegistrationSteps.user_hovers_over_the_my_account_menu()
User is not logged in. No logout needed.
  âœ” And User is logged out                                              # stepdefinition.RegistrationSteps.user_is_logged_out()
Running on BrowserStack as user: null
  âœ” And User clicks on the Login link                                   # stepdefinition.LoginSteps.user_clicks_on_the_login_link()
ðŸ§¹ Cleared textbox using keyboard for element: [[RemoteWebDriver: chrome on Windows XP (66544ed6ee9923fc124bf05314be93e7b18c1ea3)] -> css selector: input[name='email']]
âœ… Typed into: Email entered in email input field â†’ ressie1760772915078@mail.com
ðŸ§¹ Cleared textbox using keyboard for element: [[RemoteWebDriver: chrome on Windows XP (66544ed6ee9923fc124bf05314be93e7b18c1ea3)] -> css selector: input[name='password']]
âœ… Typed into: Password entered in password input field â†’ WrongPassword123
  âœ” When User enters a valid email and an invalid password              # stepdefinition.LoginSteps.user_enters_a_valid_email_and_an_invalid_password()
âœ… Clicked: Clicks on Login button
  âœ” And User clicks on the Login button                                 # stepdefinition.LoginSteps.user_clicks_on_the_login_button()
Warning: No match for E-Mail Address and/or Password. = Warning: No match for E-Mail Address and/or Password.
âœ… Text validation passed for Verifying invalid login message: Warning: No match for E-Mail Address and/or Password.
  âœ” Then User should see an error message indicating incorrect password # stepdefinition.LoginSteps.user_should_see_an_error_message_indicating_incorrect_password()
]]></system-out>
    <system-err><![CDATA[âŒ Failed to click element: Clicks on logout link â†’ invalid selector: Unable to locate an element with the xpath expression DefaultElementLocator 'By.xpath because of the following error:
SyntaxError: Failed to execute 'evaluate' on 'Document': The string 'DefaultElementLocator 'By.xpath' is not a valid XPath expression.
  (Session info: chrome=141.0.7390.55)
For documentation on this error, please visit: https://www.selenium.dev/documentation/webdriver/troubleshooting/errors#invalid-selector-exception
Build info: version: '4.25.0', revision: '8a8aea2337'
System info: os.name: 'Windows 11', os.arch: 'amd64', os.version: '10.0', java.version: '21.0.8'
Driver info: org.openqa.selenium.remote.RemoteWebDriver
Command: [66544ed6ee9923fc124bf05314be93e7b18c1ea3, findElement {using=xpath, value=DefaultElementLocator 'By.xpath}]
Capabilities {acceptInsecureCerts: false, browserName: chrome, browserVersion: 141.0.7390.55, chrome: {chromedriverVersion: 141.0.7390.54 (b95610d5c4a5..., userDataDir: C:\Windows\proxy\scoped_dir...}, fedcm:accounts: true, goog:chromeOptions: {debuggerAddress: localhost:2704}, goog:loggingPrefs: {browser: SEVERE, driver: ALL, performance: ALL, server: ALL}, networkConnectionEnabled: false, pageLoadStrategy: normal, platformName: Windows XP, proxy: Proxy(), se:bidiEnabled: false, se:cdpVersion: 141.0.7390.55, setWindowRect: true, strictFileInteractability: false, timeouts: {implicit: 0, pageLoad: 300000, script: 30000}, unhandledPromptBehavior: dismiss and notify, webauthn:extension:credBlob: true, webauthn:extension:largeBlob: true, webauthn:extension:minPinLength: true, webauthn:extension:prf: true, webauthn:virtualAuthenticators: true}
Session ID: 66544ed6ee9923fc124bf05314be93e7b18c1ea3
]]></system-err>
  </testcase>
  <testcase name="runScenario[&quot;Login with Unregistered Email&quot;, &quot;Login User Functionality&quot;](3)" classname="testrunner.TestRunner" time="77.265">
    <system-out><![CDATA[
Scenario: Login with Unregistered Email                                 # file:///C:/Users/USER/eclipse-workspace/Lambda-behavior-driven-development-framework/src/test/resources/features/LoginUser.feature:23
âœ… User data loaded: ressie1760772915078@mail.com
âœ… User data loaded: ressie1760772915078@mail.com
  âœ” Given User launches the lambdaTest home page                        # stepdefinition.RegistrationSteps.user_launches_the_lambda_test_home_page()
  âœ” When User hovers over the My Account menu                           # stepdefinition.RegistrationSteps.user_hovers_over_the_my_account_menu()
Running on BrowserStack as user: null
  âœ” When User clicks on the Login link                                  # stepdefinition.LoginSteps.user_clicks_on_the_login_link()
Generated user data: annalee1761920522037@mail.com
ðŸ§¹ Cleared textbox using keyboard for element: [[RemoteWebDriver: chrome on Windows XP (66544ed6ee9923fc124bf05314be93e7b18c1ea3)] -> css selector: input[name='email']]
âœ… Typed into: Email entered in email input field â†’ annalee1761920522037@mail.com
ðŸ§¹ Cleared textbox using keyboard for element: [[RemoteWebDriver: chrome on Windows XP (66544ed6ee9923fc124bf05314be93e7b18c1ea3)] -> css selector: input[name='password']]
âœ… Typed into: Password entered in password input field â†’ Password123
  âœ” And User enters an unregistered email and any password              # stepdefinition.LoginSteps.user_enters_an_unregistered_email_and_any_password()
âœ… Clicked: Clicks on Login button
  âœ” And User clicks on the Login button                                 # stepdefinition.LoginSteps.user_clicks_on_the_login_button()
Warning: No match for E-Mail Address and/or Password. = Warning: No match for E-Mail Address and/or Password.
âœ… Text validation passed for Verifying invalid login message: Warning: No match for E-Mail Address and/or Password.
  âœ” Then User should see an error message indicating unregistered email # stepdefinition.LoginSteps.user_should_see_an_error_message_indicating_unregistered_email()
]]></system-out>
  </testcase>
  <testcase name="runScenario[&quot;Successful Registration with Valid Details&quot;, &quot;Register User Functionality&quot;](4)" classname="testrunner.TestRunner" time="174.177">
    <system-out><![CDATA[
Scenario: Successful Registration with Valid Details                               # file:///C:/Users/USER/eclipse-workspace/Lambda-behavior-driven-development-framework/src/test/resources/features/RegisterSingleUser.feature:10
âœ… User data loaded: ressie1760772915078@mail.com
âœ… User data loaded: ressie1760772915078@mail.com
  âœ” Given User launches the lambdaTest home page                                   # stepdefinition.RegistrationSteps.user_launches_the_lambda_test_home_page()
  âœ” When User hovers over the My Account menu                                      # stepdefinition.RegistrationSteps.user_hovers_over_the_my_account_menu()
  âœ” And User clicks on the Register link                                           # stepdefinition.RegistrationSteps.user_clicks_on_the_register_link()
Generated user data: neoma1761920598694@mail.com
ðŸ§¹ Cleared textbox using keyboard for element: [[RemoteWebDriver: chrome on Windows XP (66544ed6ee9923fc124bf05314be93e7b18c1ea3)] -> name: firstname]
âœ… Typed into: Entered first name text â†’ Neoma
ðŸ§¹ Cleared textbox using keyboard for element: [[RemoteWebDriver: chrome on Windows XP (66544ed6ee9923fc124bf05314be93e7b18c1ea3)] -> name: lastname]
âœ… Typed into: Entered last name text â†’ Schultz
ðŸ§¹ Cleared textbox using keyboard for element: [[RemoteWebDriver: chrome on Windows XP (66544ed6ee9923fc124bf05314be93e7b18c1ea3)] -> name: email]
âœ… Typed into: Entered email text â†’ neoma1761920598694@mail.com
ðŸ§¹ Cleared textbox using keyboard for element: [[RemoteWebDriver: chrome on Windows XP (66544ed6ee9923fc124bf05314be93e7b18c1ea3)] -> name: telephone]
âœ… Typed into: Entered telephone number â†’ 458.388.7370
ðŸ§¹ Cleared textbox using keyboard for element: [[RemoteWebDriver: chrome on Windows XP (66544ed6ee9923fc124bf05314be93e7b18c1ea3)] -> name: password]
âœ… Typed into: Entered password text â†’ Password123
ðŸ§¹ Cleared textbox using keyboard for element: [[RemoteWebDriver: chrome on Windows XP (66544ed6ee9923fc124bf05314be93e7b18c1ea3)] -> name: confirm]
âœ… Typed into: Entered confirm password text â†’ Password123
  âœ” When User enters all the mandatory fields with valid data                      # stepdefinition.RegistrationSteps.user_enters_all_the_mandatory_fields_with_valid_data()
âœ… Clicked: Accept privacy policy
  âœ” And User clicks on the Privacy Policy checkbox                                 # stepdefinition.RegistrationSteps.user_clicks_on_the_privacy_policy_checkbox()
âœ… Clicked: Clicks on continue button
  âœ” And User clicks on the Continue button                                         # stepdefinition.RegistrationSteps.user_clicks_on_the_continue_button()
Your Account Has Been Created! = Your Account Has Been Created!
âœ… Text validation passed for Verifying register success message: Your Account Has Been Created!
  âœ” Then User should see a confirmation message indicating successful registration # stepdefinition.RegistrationSteps.user_should_see_a_confirmation_message_indicating_successful_registration()
]]></system-out>
  </testcase>
  <testcase name="runScenario[&quot;Registration with Already Registered Email&quot;, &quot;Register User Functionality&quot;](5)" classname="testrunner.TestRunner" time="135.051">
    <system-out><![CDATA[
Scenario: Registration with Already Registered Email                                      # file:///C:/Users/USER/eclipse-workspace/Lambda-behavior-driven-development-framework/src/test/resources/features/RegisterSingleUser.feature:17
âœ… User data loaded: ressie1760772915078@mail.com
âœ… User data loaded: ressie1760772915078@mail.com
  âœ” Given User launches the lambdaTest home page                                          # stepdefinition.RegistrationSteps.user_launches_the_lambda_test_home_page()
  âœ” When User hovers over the My Account menu                                             # stepdefinition.RegistrationSteps.user_hovers_over_the_my_account_menu()
âœ… Clicked: Clicks on logout link
  âœ” And User is logged out                                                                # stepdefinition.RegistrationSteps.user_is_logged_out()
  âœ” And User clicks on the Register link                                                  # stepdefinition.RegistrationSteps.user_clicks_on_the_register_link()
ðŸ§¹ Cleared textbox using keyboard for element: [[RemoteWebDriver: chrome on Windows XP (66544ed6ee9923fc124bf05314be93e7b18c1ea3)] -> name: firstname]
âœ… Typed into: Entered first name text â†’ Ressie
ðŸ§¹ Cleared textbox using keyboard for element: [[RemoteWebDriver: chrome on Windows XP (66544ed6ee9923fc124bf05314be93e7b18c1ea3)] -> name: lastname]
âœ… Typed into: Entered last name text â†’ Rodriguez
ðŸ§¹ Cleared textbox using keyboard for element: [[RemoteWebDriver: chrome on Windows XP (66544ed6ee9923fc124bf05314be93e7b18c1ea3)] -> name: email]
âœ… Typed into: Entered email text â†’ khakaalwande@gmail.com
ðŸ§¹ Cleared textbox using keyboard for element: [[RemoteWebDriver: chrome on Windows XP (66544ed6ee9923fc124bf05314be93e7b18c1ea3)] -> name: telephone]
âœ… Typed into: Entered telephone number â†’ (197) 141-4671
ðŸ§¹ Cleared textbox using keyboard for element: [[RemoteWebDriver: chrome on Windows XP (66544ed6ee9923fc124bf05314be93e7b18c1ea3)] -> name: password]
âœ… Typed into: Entered password text â†’ Password123
ðŸ§¹ Cleared textbox using keyboard for element: [[RemoteWebDriver: chrome on Windows XP (66544ed6ee9923fc124bf05314be93e7b18c1ea3)] -> name: confirm]
âœ… Typed into: Entered confirm password text â†’ Password123
  âœ” When User enters all the mandatory fields with an already registered email            # stepdefinition.RegistrationSteps.user_enters_all_the_mandatory_fields_with_an_already_registered_email()
âœ… Clicked: Accept privacy policy
  âœ” And User clicks on the Privacy Policy checkbox                                        # stepdefinition.RegistrationSteps.user_clicks_on_the_privacy_policy_checkbox()
âœ… Clicked: Clicks on continue button
  âœ” And User clicks on the Continue button                                                # stepdefinition.RegistrationSteps.user_clicks_on_the_continue_button()
Warning: E-Mail Address is already registered! = Warning: E-Mail Address is already registered!
âœ… Text validation passed for Verifying duplicate email address: Warning: E-Mail Address is already registered!
  âœ” Then User should see an error message indicating that the email is already registered # stepdefinition.RegistrationSteps.user_should_see_an_error_message_indicating_that_the_email_is_already_registered()
]]></system-out>
  </testcase>
  <testcase name="runScenario[&quot;Registration with Missing Mandatory Fields&quot;, &quot;Register User Functionality&quot;](6)" classname="testrunner.TestRunner" time="112.028">
    <system-out><![CDATA[
Scenario: Registration with Missing Mandatory Fields                                  # file:///C:/Users/USER/eclipse-workspace/Lambda-behavior-driven-development-framework/src/test/resources/features/RegisterSingleUser.feature:25
âœ… User data loaded: ressie1760772915078@mail.com
âœ… User data loaded: ressie1760772915078@mail.com
  âœ” Given User launches the lambdaTest home page                                      # stepdefinition.RegistrationSteps.user_launches_the_lambda_test_home_page()
  âœ” When User hovers over the My Account menu                                         # stepdefinition.RegistrationSteps.user_hovers_over_the_my_account_menu()
  âœ” And User clicks on the Register link                                              # stepdefinition.RegistrationSteps.user_clicks_on_the_register_link()
ðŸ§¹ Cleared textbox using keyboard for element: [[RemoteWebDriver: chrome on Windows XP (66544ed6ee9923fc124bf05314be93e7b18c1ea3)] -> name: firstname]
âœ… Typed into: Entered first name text â†’ 
ðŸ§¹ Cleared textbox using keyboard for element: [[RemoteWebDriver: chrome on Windows XP (66544ed6ee9923fc124bf05314be93e7b18c1ea3)] -> name: lastname]
âœ… Typed into: Entered last name text â†’ 
ðŸ§¹ Cleared textbox using keyboard for element: [[RemoteWebDriver: chrome on Windows XP (66544ed6ee9923fc124bf05314be93e7b18c1ea3)] -> name: email]
âœ… Typed into: Entered email text â†’ 
ðŸ§¹ Cleared textbox using keyboard for element: [[RemoteWebDriver: chrome on Windows XP (66544ed6ee9923fc124bf05314be93e7b18c1ea3)] -> name: telephone]
âœ… Typed into: Entered telephone number â†’ 
ðŸ§¹ Cleared textbox using keyboard for element: [[RemoteWebDriver: chrome on Windows XP (66544ed6ee9923fc124bf05314be93e7b18c1ea3)] -> name: password]
âœ… Typed into: Entered password text â†’ 
ðŸ§¹ Cleared textbox using keyboard for element: [[RemoteWebDriver: chrome on Windows XP (66544ed6ee9923fc124bf05314be93e7b18c1ea3)] -> name: confirm]
âœ… Typed into: Entered confirm password text â†’ 
  âœ” When User leaves one or more mandatory fields empty                               # stepdefinition.RegistrationSteps.user_leaves_one_or_more_mandatory_fields_empty()
âœ… Clicked: Accept privacy policy
  âœ” And User clicks on the Privacy Policy checkbox                                    # stepdefinition.RegistrationSteps.user_clicks_on_the_privacy_policy_checkbox()
âœ… Clicked: Clicks on continue button
  âœ” And User clicks on the Continue button                                            # stepdefinition.RegistrationSteps.user_clicks_on_the_continue_button()
Found 5 error messages.
Matched expected message: First Name must be between 1 and 32 characters!
Matched expected message: Last Name must be between 1 and 32 characters!
Matched expected message: E-Mail Address does not appear to be valid!
Matched expected message: Telephone must be between 3 and 32 characters!
Matched expected message: Password must be between 4 and 20 characters!
  âœ” Then User should see error messages indicating which mandatory fields are missing # stepdefinition.RegistrationSteps.user_should_see_error_messages_indicating_which_mandatory_fields_are_missing(java.util.List)
      | First Name must be between 1 and 32 characters! |
      | Last Name must be between 1 and 32 characters!  |
      | E-Mail Address does not appear to be valid!     |
      | Telephone must be between 3 and 32 characters!  |
      | Password must be between 4 and 20 characters!   |
]]></system-out>
  </testcase>
  <testcase name="runScenario[&quot;Registration with Invalid Email Format&quot;, &quot;Register User Functionality&quot;](7)" classname="testrunner.TestRunner" time="147.363">
    <system-out><![CDATA[
Scenario: Registration with Invalid Email Format                                      # file:///C:/Users/USER/eclipse-workspace/Lambda-behavior-driven-development-framework/src/test/resources/features/RegisterSingleUser.feature:37
âœ… User data loaded: ressie1760772915078@mail.com
âœ… User data loaded: ressie1760772915078@mail.com
  âœ” Given User launches the lambdaTest home page                                      # stepdefinition.RegistrationSteps.user_launches_the_lambda_test_home_page()
  âœ” When User hovers over the My Account menu                                         # stepdefinition.RegistrationSteps.user_hovers_over_the_my_account_menu()
  âœ” And User clicks on the Register link                                              # stepdefinition.RegistrationSteps.user_clicks_on_the_register_link()
ðŸ§¹ Cleared textbox using keyboard for element: [[RemoteWebDriver: chrome on Windows XP (66544ed6ee9923fc124bf05314be93e7b18c1ea3)] -> name: email]
âœ… Typed into: Entered email text â†’ khakaalwandegmail.com
  âœ” When User enters an invalid email format in the email field                       # stepdefinition.RegistrationSteps.user_enters_an_invalid_email_format_in_the_email_field()
ðŸ§¹ Cleared textbox using keyboard for element: [[RemoteWebDriver: chrome on Windows XP (66544ed6ee9923fc124bf05314be93e7b18c1ea3)] -> name: firstname]
âœ… Typed into: Entered first name text â†’ Ressie
ðŸ§¹ Cleared textbox using keyboard for element: [[RemoteWebDriver: chrome on Windows XP (66544ed6ee9923fc124bf05314be93e7b18c1ea3)] -> name: lastname]
âœ… Typed into: Entered last name text â†’ Rodriguez
ðŸ§¹ Cleared textbox using keyboard for element: [[RemoteWebDriver: chrome on Windows XP (66544ed6ee9923fc124bf05314be93e7b18c1ea3)] -> name: telephone]
âœ… Typed into: Entered telephone number â†’ (197) 141-4671
ðŸ§¹ Cleared textbox using keyboard for element: [[RemoteWebDriver: chrome on Windows XP (66544ed6ee9923fc124bf05314be93e7b18c1ea3)] -> name: password]
âœ… Typed into: Entered password text â†’ Password123
ðŸ§¹ Cleared textbox using keyboard for element: [[RemoteWebDriver: chrome on Windows XP (66544ed6ee9923fc124bf05314be93e7b18c1ea3)] -> name: confirm]
âœ… Typed into: Entered confirm password text â†’ Password123
  âœ” And User fills in all other mandatory fields with valid data                      # stepdefinition.RegistrationSteps.user_fills_in_all_other_mandatory_fields_with_valid_data()
âœ… Clicked: Accept privacy policy
  âœ” And User clicks on the Privacy Policy checkbox                                    # stepdefinition.RegistrationSteps.user_clicks_on_the_privacy_policy_checkbox()
âœ… Clicked: Clicks on continue button
  âœ” And User clicks on the Continue button                                            # stepdefinition.RegistrationSteps.user_clicks_on_the_continue_button()
  âœ” Then User should see an error message indicating that the email format is invalid # stepdefinition.RegistrationSteps.user_should_see_an_error_message_indicating_that_the_email_format_is_invalid()
]]></system-out>
  </testcase>
  <testcase name="runScenario[&quot;Registration without Accepting Privacy Policy&quot;, &quot;Register User Functionality&quot;](8)" classname="testrunner.TestRunner" time="114.64">
    <system-out><![CDATA[
Scenario: Registration without Accepting Privacy Policy                                       # file:///C:/Users/USER/eclipse-workspace/Lambda-behavior-driven-development-framework/src/test/resources/features/RegisterSingleUser.feature:45
âœ… User data loaded: ressie1760772915078@mail.com
âœ… User data loaded: ressie1760772915078@mail.com
  âœ” Given User launches the lambdaTest home page                                              # stepdefinition.RegistrationSteps.user_launches_the_lambda_test_home_page()
  âœ” When User hovers over the My Account menu                                                 # stepdefinition.RegistrationSteps.user_hovers_over_the_my_account_menu()
  âœ” And User clicks on the Register link                                                      # stepdefinition.RegistrationSteps.user_clicks_on_the_register_link()
Generated user data: chadwick1761921162908@mail.com
ðŸ§¹ Cleared textbox using keyboard for element: [[RemoteWebDriver: chrome on Windows XP (66544ed6ee9923fc124bf05314be93e7b18c1ea3)] -> name: firstname]
âœ… Typed into: Entered first name text â†’ Chadwick
ðŸ§¹ Cleared textbox using keyboard for element: [[RemoteWebDriver: chrome on Windows XP (66544ed6ee9923fc124bf05314be93e7b18c1ea3)] -> name: lastname]
âœ… Typed into: Entered last name text â†’ Hilll
ðŸ§¹ Cleared textbox using keyboard for element: [[RemoteWebDriver: chrome on Windows XP (66544ed6ee9923fc124bf05314be93e7b18c1ea3)] -> name: email]
âœ… Typed into: Entered email text â†’ chadwick1761921162908@mail.com
ðŸ§¹ Cleared textbox using keyboard for element: [[RemoteWebDriver: chrome on Windows XP (66544ed6ee9923fc124bf05314be93e7b18c1ea3)] -> name: telephone]
âœ… Typed into: Entered telephone number â†’ 255.217.7645
ðŸ§¹ Cleared textbox using keyboard for element: [[RemoteWebDriver: chrome on Windows XP (66544ed6ee9923fc124bf05314be93e7b18c1ea3)] -> name: password]
âœ… Typed into: Entered password text â†’ Password123
ðŸ§¹ Cleared textbox using keyboard for element: [[RemoteWebDriver: chrome on Windows XP (66544ed6ee9923fc124bf05314be93e7b18c1ea3)] -> name: confirm]
âœ… Typed into: Entered confirm password text â†’ Password123
  âœ” When User enters all the mandatory fields with valid data                                 # stepdefinition.RegistrationSteps.user_enters_all_the_mandatory_fields_with_valid_data()
âœ… Clicked: Clicks on continue button
  âœ” And User clicks on the Continue button                                                    # stepdefinition.RegistrationSteps.user_clicks_on_the_continue_button()
Warning: You must agree to the Privacy Policy! = Warning: You must agree to the Privacy Policy!
âœ… Text validation passed for Verifying privacy policy warning message: Warning: You must agree to the Privacy Policy!
  âœ” Then User should see an error message indicating that the Privacy Policy must be accepted # stepdefinition.RegistrationSteps.user_should_see_an_error_message_indicating_that_the_privacy_policy_must_be_accepted()
]]></system-out>
  </testcase>
  <testcase name="runScenario[&quot;Registration with Weak Password&quot;, &quot;Register User Functionality&quot;](9)" classname="testrunner.TestRunner" time="143.518">
    <system-out><![CDATA[
Scenario: Registration with Weak Password                                          # file:///C:/Users/USER/eclipse-workspace/Lambda-behavior-driven-development-framework/src/test/resources/features/RegisterSingleUser.feature:51
âœ… User data loaded: ressie1760772915078@mail.com
âœ… User data loaded: ressie1760772915078@mail.com
  âœ” Given User launches the lambdaTest home page                                   # stepdefinition.RegistrationSteps.user_launches_the_lambda_test_home_page()
  âœ” When User hovers over the My Account menu                                      # stepdefinition.RegistrationSteps.user_hovers_over_the_my_account_menu()
  âœ” And User clicks on the Register link                                           # stepdefinition.RegistrationSteps.user_clicks_on_the_register_link()
Generated user data: chris1761921276641@mail.com
ðŸ§¹ Cleared textbox using keyboard for element: [[RemoteWebDriver: chrome on Windows XP (66544ed6ee9923fc124bf05314be93e7b18c1ea3)] -> name: firstname]
âœ… Typed into: Entered first name text â†’ Chris
ðŸ§¹ Cleared textbox using keyboard for element: [[RemoteWebDriver: chrome on Windows XP (66544ed6ee9923fc124bf05314be93e7b18c1ea3)] -> name: lastname]
âœ… Typed into: Entered last name text â†’ Bins
ðŸ§¹ Cleared textbox using keyboard for element: [[RemoteWebDriver: chrome on Windows XP (66544ed6ee9923fc124bf05314be93e7b18c1ea3)] -> name: email]
âœ… Typed into: Entered email text â†’ chris1761921276641@mail.com
ðŸ§¹ Cleared textbox using keyboard for element: [[RemoteWebDriver: chrome on Windows XP (66544ed6ee9923fc124bf05314be93e7b18c1ea3)] -> name: telephone]
âœ… Typed into: Entered telephone number â†’ 1-407-766-1538
ðŸ§¹ Cleared textbox using keyboard for element: [[RemoteWebDriver: chrome on Windows XP (66544ed6ee9923fc124bf05314be93e7b18c1ea3)] -> name: password]
âœ… Typed into: Entered password text â†’ 123
ðŸ§¹ Cleared textbox using keyboard for element: [[RemoteWebDriver: chrome on Windows XP (66544ed6ee9923fc124bf05314be93e7b18c1ea3)] -> name: confirm]
âœ… Typed into: Entered confirm password text â†’ 123
  âœ” When User enters all the mandatory fields with valid data but a weak password  # stepdefinition.RegistrationSteps.user_enters_all_the_mandatory_fields_with_valid_data_but_a_weak_password()
âœ… Clicked: Accept privacy policy
  âœ” And User clicks on the Privacy Policy checkbox                                 # stepdefinition.RegistrationSteps.user_clicks_on_the_privacy_policy_checkbox()
âœ… Clicked: Clicks on continue button
  âœ” And User clicks on the Continue button                                         # stepdefinition.RegistrationSteps.user_clicks_on_the_continue_button()
Password must be between 4 and 20 characters! = Password must be between 4 and 20 characters!
âœ… Text validation passed for Verifying field validation message: Password must be between 4 and 20 characters!
  âœ” Then User should see an error message indicating that the password is too weak # stepdefinition.RegistrationSteps.user_should_see_an_error_message_indicating_that_the_password_is_too_weak()
]]></system-out>
  </testcase>
  <testcase name="runScenario[&quot;Registration with Mismatched Password Confirmation&quot;, &quot;Register User Functionality&quot;](10)" classname="testrunner.TestRunner" time="115.912">
    <system-out><![CDATA[
Scenario: Registration with Mismatched Password Confirmation                                           # file:///C:/Users/USER/eclipse-workspace/Lambda-behavior-driven-development-framework/src/test/resources/features/RegisterSingleUser.feature:58
âœ… User data loaded: ressie1760772915078@mail.com
âœ… User data loaded: ressie1760772915078@mail.com
  âœ” Given User launches the lambdaTest home page                                                       # stepdefinition.RegistrationSteps.user_launches_the_lambda_test_home_page()
  âœ” When User hovers over the My Account menu                                                          # stepdefinition.RegistrationSteps.user_hovers_over_the_my_account_menu()
  âœ” And User clicks on the Register link                                                               # stepdefinition.RegistrationSteps.user_clicks_on_the_register_link()
Generated user data: phillip1761921420535@mail.com
ðŸ§¹ Cleared textbox using keyboard for element: [[RemoteWebDriver: chrome on Windows XP (66544ed6ee9923fc124bf05314be93e7b18c1ea3)] -> name: firstname]
âœ… Typed into: Entered first name text â†’ Phillip
ðŸ§¹ Cleared textbox using keyboard for element: [[RemoteWebDriver: chrome on Windows XP (66544ed6ee9923fc124bf05314be93e7b18c1ea3)] -> name: lastname]
âœ… Typed into: Entered last name text â†’ Goyette
ðŸ§¹ Cleared textbox using keyboard for element: [[RemoteWebDriver: chrome on Windows XP (66544ed6ee9923fc124bf05314be93e7b18c1ea3)] -> name: email]
âœ… Typed into: Entered email text â†’ phillip1761921420535@mail.com
ðŸ§¹ Cleared textbox using keyboard for element: [[RemoteWebDriver: chrome on Windows XP (66544ed6ee9923fc124bf05314be93e7b18c1ea3)] -> name: telephone]
âœ… Typed into: Entered telephone number â†’ (125) 922-2612
ðŸ§¹ Cleared textbox using keyboard for element: [[RemoteWebDriver: chrome on Windows XP (66544ed6ee9923fc124bf05314be93e7b18c1ea3)] -> name: password]
âœ… Typed into: Entered password text â†’ Password123
ðŸ§¹ Cleared textbox using keyboard for element: [[RemoteWebDriver: chrome on Windows XP (66544ed6ee9923fc124bf05314be93e7b18c1ea3)] -> name: confirm]
âœ… Typed into: Entered confirm password text â†’ DifferentPassword123
  âœ” When User enters all the mandatory fields with valid data but mismatched password and confirmation # stepdefinition.RegistrationSteps.user_enters_all_the_mandatory_fields_with_valid_data_but_mismatched_password_and_confirmation()
âœ… Clicked: Accept privacy policy
  âœ” And User clicks on the Privacy Policy checkbox                                                     # stepdefinition.RegistrationSteps.user_clicks_on_the_privacy_policy_checkbox()
âœ… Clicked: Clicks on continue button
  âœ” And User clicks on the Continue button                                                             # stepdefinition.RegistrationSteps.user_clicks_on_the_continue_button()
Password confirmation does not match password! = Password confirmation does not match password!
âœ… Text validation passed for Verifying password mismatch message: Password confirmation does not match password!
  âœ” Then User should see an error message indicating that the password and confirmation do not match   # stepdefinition.RegistrationSteps.user_should_see_an_error_message_indicating_that_the_password_and_confirmation_do_not_match()
]]></system-out>
  </testcase>
</testsuite>