<?xml version="1.0" encoding="UTF-8"?>
<testsuite xmlns:xsi="http://www.w3.org/2001/XMLSchema-instance" xsi:noNamespaceSchemaLocation="https://maven.apache.org/surefire/maven-surefire-plugin/xsd/surefire-test-report-3.0.xsd" version="3.0" name="TestSuite" time="274.32" tests="7" errors="0" skipped="0" failures="0">
  <properties>
[...]
</properties>
  <testcase name="runScenario[&quot;Successful Registration with Valid Details&quot;, &quot;Register User Functionality&quot;](1)" classname="testrunner.TestRunner" time="94.606">
    <system-out><![CDATA[
Scenario: Successful Registration with Valid Details                               # file:///C:/Users/USER/eclipse-workspace/Lambda-behavior-driven-development-framework/src/test/resources/features/RegisterSingleUser.feature:10
  ✔ Given User launches the lambdaTest home page                                   # stepdefinition.RegistrationSteps.user_launches_the_lambda_test_home_page()
  ✔ When User hovers over the My Account menu                                      # stepdefinition.RegistrationSteps.user_hovers_over_the_my_account_menu()
  ✔ And User clicks on the Register link                                           # stepdefinition.RegistrationSteps.user_clicks_on_the_register_link()
🧹 Cleared textbox using keyboard for element: [[EdgeDriver: MicrosoftEdge on windows (66c2e9964ae9b4513df1a48ff9517514)] -> name: firstname]
✅ Typed into: Entered First name text → Misty
🧹 Cleared textbox using keyboard for element: [[EdgeDriver: MicrosoftEdge on windows (66c2e9964ae9b4513df1a48ff9517514)] -> name: lastname]
✅ Typed into: Entered last name text → Cormier
🧹 Cleared textbox using keyboard for element: [[EdgeDriver: MicrosoftEdge on windows (66c2e9964ae9b4513df1a48ff9517514)] -> name: email]
✅ Typed into: Entered email text → misty1760636246345@mail.com
🧹 Cleared textbox using keyboard for element: [[EdgeDriver: MicrosoftEdge on windows (66c2e9964ae9b4513df1a48ff9517514)] -> name: telephone]
✅ Typed into: Entered telephone number → 1-416-925-4402
🧹 Cleared textbox using keyboard for element: [[EdgeDriver: MicrosoftEdge on windows (66c2e9964ae9b4513df1a48ff9517514)] -> name: password]
✅ Typed into: Entered passowrd text → Password123
🧹 Cleared textbox using keyboard for element: [[EdgeDriver: MicrosoftEdge on windows (66c2e9964ae9b4513df1a48ff9517514)] -> name: confirm]
✅ Typed into: Entered confirm password text → Password123
  ✔ When User enters all the mandatory fields with valid data                      # stepdefinition.RegistrationSteps.user_enters_all_the_mandatory_fields_with_valid_data()
✅ Clicked: Accept privacy policy
  ✔ And User clicks on the Privacy Policy checkbox                                 # stepdefinition.RegistrationSteps.user_clicks_on_the_privacy_policy_checkbox()
✅ Clicked: Clicks on continue button
  ✔ And User clicks on the Continue button                                         # stepdefinition.RegistrationSteps.user_clicks_on_the_continue_button()
✅ Text validation passed for Verifying register success message: Your Account Has Been Created!
  ✔ Then User should see a confirmation message indicating successful registration # stepdefinition.RegistrationSteps.user_should_see_a_confirmation_message_indicating_successful_registration()
]]></system-out>
    <system-err><![CDATA[SLF4J(W): No SLF4J providers were found.
SLF4J(W): Defaulting to no-operation (NOP) logger implementation
SLF4J(W): See https://www.slf4j.org/codes.html#noProviders for further details.
Oct 16, 2025 7:36:46 PM org.openqa.selenium.devtools.CdpVersionFinder findNearestMatch
WARNING: Unable to find CDP implementation matching 141
Oct 16, 2025 7:36:46 PM org.openqa.selenium.chromium.ChromiumDriver lambda$new$5
WARNING: Unable to find version of CDP to use for 141.0.3537.71. You may need to include a dependency on a specific version of the CDP using something similar to `org.seleniumhq.selenium:selenium-devtools-v86:4.25.0` where the version ("v86") matches the version of the chromium-based browser you're using and the version number of the artifact is the same as Selenium's.
]]></system-err>
  </testcase>
  <testcase name="runScenario[&quot;Registration with Already Registered Email&quot;, &quot;Register User Functionality&quot;](2)" classname="testrunner.TestRunner" time="33.937">
    <system-out><![CDATA[
Scenario: Registration with Already Registered Email                                      # file:///C:/Users/USER/eclipse-workspace/Lambda-behavior-driven-development-framework/src/test/resources/features/RegisterSingleUser.feature:17
  ✔ Given User launches the lambdaTest home page                                          # stepdefinition.RegistrationSteps.user_launches_the_lambda_test_home_page()
  ✔ When User hovers over the My Account menu                                             # stepdefinition.RegistrationSteps.user_hovers_over_the_my_account_menu()
✅ Clicked: Clicks on logout link
  ✔ And User is logged out                                                                # stepdefinition.RegistrationSteps.user_is_logged_out()
  ✔ And User clicks on the Register link                                                  # stepdefinition.RegistrationSteps.user_clicks_on_the_register_link()
🧹 Cleared textbox using keyboard for element: [[EdgeDriver: MicrosoftEdge on windows (66c2e9964ae9b4513df1a48ff9517514)] -> name: firstname]
✅ Typed into: Entered First name text → Misty
🧹 Cleared textbox using keyboard for element: [[EdgeDriver: MicrosoftEdge on windows (66c2e9964ae9b4513df1a48ff9517514)] -> name: lastname]
✅ Typed into: Entered last name text → Cormier
🧹 Cleared textbox using keyboard for element: [[EdgeDriver: MicrosoftEdge on windows (66c2e9964ae9b4513df1a48ff9517514)] -> name: email]
✅ Typed into: Entered email text → khakaalwande@gmail.com
🧹 Cleared textbox using keyboard for element: [[EdgeDriver: MicrosoftEdge on windows (66c2e9964ae9b4513df1a48ff9517514)] -> name: telephone]
✅ Typed into: Entered telephone number → 1-416-925-4402
🧹 Cleared textbox using keyboard for element: [[EdgeDriver: MicrosoftEdge on windows (66c2e9964ae9b4513df1a48ff9517514)] -> name: password]
✅ Typed into: Entered passowrd text → Password123
🧹 Cleared textbox using keyboard for element: [[EdgeDriver: MicrosoftEdge on windows (66c2e9964ae9b4513df1a48ff9517514)] -> name: confirm]
✅ Typed into: Entered confirm password text → Password123
  ✔ When User enters all the mandatory fields with an already registered email            # stepdefinition.RegistrationSteps.user_enters_all_the_mandatory_fields_with_an_already_registered_email()
✅ Clicked: Accept privacy policy
  ✔ And User clicks on the Privacy Policy checkbox                                        # stepdefinition.RegistrationSteps.user_clicks_on_the_privacy_policy_checkbox()
✅ Clicked: Clicks on continue button
  ✔ And User clicks on the Continue button                                                # stepdefinition.RegistrationSteps.user_clicks_on_the_continue_button()
✅ Text validation passed for Verifying duplicate email address: Warning: E-Mail Address is already registered!
  ✔ Then User should see an error message indicating that the email is already registered # stepdefinition.RegistrationSteps.user_should_see_an_error_message_indicating_that_the_email_is_already_registered()
]]></system-out>
  </testcase>
  <testcase name="runScenario[&quot;Registration with Missing Mandatory Fields&quot;, &quot;Register User Functionality&quot;](3)" classname="testrunner.TestRunner" time="27.308">
    <system-out><![CDATA[
Scenario: Registration with Missing Mandatory Fields                                  # file:///C:/Users/USER/eclipse-workspace/Lambda-behavior-driven-development-framework/src/test/resources/features/RegisterSingleUser.feature:25
  ✔ Given User launches the lambdaTest home page                                      # stepdefinition.RegistrationSteps.user_launches_the_lambda_test_home_page()
  ✔ When User hovers over the My Account menu                                         # stepdefinition.RegistrationSteps.user_hovers_over_the_my_account_menu()
  ✔ And User clicks on the Register link                                              # stepdefinition.RegistrationSteps.user_clicks_on_the_register_link()
🧹 Cleared textbox using keyboard for element: [[EdgeDriver: MicrosoftEdge on windows (66c2e9964ae9b4513df1a48ff9517514)] -> name: firstname]
✅ Typed into: Entered First name text → 
🧹 Cleared textbox using keyboard for element: [[EdgeDriver: MicrosoftEdge on windows (66c2e9964ae9b4513df1a48ff9517514)] -> name: lastname]
✅ Typed into: Entered last name text → 
🧹 Cleared textbox using keyboard for element: [[EdgeDriver: MicrosoftEdge on windows (66c2e9964ae9b4513df1a48ff9517514)] -> name: email]
✅ Typed into: Entered email text → 
🧹 Cleared textbox using keyboard for element: [[EdgeDriver: MicrosoftEdge on windows (66c2e9964ae9b4513df1a48ff9517514)] -> name: telephone]
✅ Typed into: Entered telephone number → 
🧹 Cleared textbox using keyboard for element: [[EdgeDriver: MicrosoftEdge on windows (66c2e9964ae9b4513df1a48ff9517514)] -> name: password]
✅ Typed into: Entered passowrd text → 
🧹 Cleared textbox using keyboard for element: [[EdgeDriver: MicrosoftEdge on windows (66c2e9964ae9b4513df1a48ff9517514)] -> name: confirm]
✅ Typed into: Entered confirm password text → 
  ✔ When User leaves one or more mandatory fields empty                               # stepdefinition.RegistrationSteps.user_leaves_one_or_more_mandatory_fields_empty()
✅ Clicked: Accept privacy policy
  ✔ And User clicks on the Privacy Policy checkbox                                    # stepdefinition.RegistrationSteps.user_clicks_on_the_privacy_policy_checkbox()
✅ Clicked: Clicks on continue button
  ✔ And User clicks on the Continue button                                            # stepdefinition.RegistrationSteps.user_clicks_on_the_continue_button()
Found 5 error messages.
Error message: First Name must be between 1 and 32 characters!
Matched expected message: First Name must be between 1 and 32 characters!
Error message: Last Name must be between 1 and 32 characters!
Matched expected message: Last Name must be between 1 and 32 characters!
Error message: E-Mail Address does not appear to be valid!
Matched expected message: E-Mail Address does not appear to be valid!
Error message: Telephone must be between 3 and 32 characters!
Matched expected message: Telephone must be between 3 and 32 characters!
Error message: Password must be between 4 and 20 characters!
Matched expected message: Password must be between 4 and 20 characters!
  ✔ Then User should see error messages indicating which mandatory fields are missing # stepdefinition.RegistrationSteps.user_should_see_error_messages_indicating_which_mandatory_fields_are_missing(java.util.List)
      | First Name must be between 1 and 32 characters! |
      | Last Name must be between 1 and 32 characters!  |
      | E-Mail Address does not appear to be valid!     |
      | Telephone must be between 3 and 32 characters!  |
      | Password must be between 4 and 20 characters!   |
]]></system-out>
  </testcase>
  <testcase name="runScenario[&quot;Registration with Invalid Email Format&quot;, &quot;Register User Functionality&quot;](4)" classname="testrunner.TestRunner" time="24.57">
    <system-out><![CDATA[
Scenario: Registration with Invalid Email Format                                      # file:///C:/Users/USER/eclipse-workspace/Lambda-behavior-driven-development-framework/src/test/resources/features/RegisterSingleUser.feature:38
  ✔ Given User launches the lambdaTest home page                                      # stepdefinition.RegistrationSteps.user_launches_the_lambda_test_home_page()
  ✔ When User hovers over the My Account menu                                         # stepdefinition.RegistrationSteps.user_hovers_over_the_my_account_menu()
  ✔ And User clicks on the Register link                                              # stepdefinition.RegistrationSteps.user_clicks_on_the_register_link()
🧹 Cleared textbox using keyboard for element: [[EdgeDriver: MicrosoftEdge on windows (66c2e9964ae9b4513df1a48ff9517514)] -> name: email]
✅ Typed into: Entered email text → khakaalwandegmail.com
  ✔ When User enters an invalid email format in the email field                       # stepdefinition.RegistrationSteps.user_enters_an_invalid_email_format_in_the_email_field()
🧹 Cleared textbox using keyboard for element: [[EdgeDriver: MicrosoftEdge on windows (66c2e9964ae9b4513df1a48ff9517514)] -> name: firstname]
✅ Typed into: Entered First name text → Misty
🧹 Cleared textbox using keyboard for element: [[EdgeDriver: MicrosoftEdge on windows (66c2e9964ae9b4513df1a48ff9517514)] -> name: lastname]
✅ Typed into: Entered last name text → Cormier
🧹 Cleared textbox using keyboard for element: [[EdgeDriver: MicrosoftEdge on windows (66c2e9964ae9b4513df1a48ff9517514)] -> name: telephone]
✅ Typed into: Entered telephone number → 1-416-925-4402
🧹 Cleared textbox using keyboard for element: [[EdgeDriver: MicrosoftEdge on windows (66c2e9964ae9b4513df1a48ff9517514)] -> name: password]
✅ Typed into: Entered passowrd text → Password123
🧹 Cleared textbox using keyboard for element: [[EdgeDriver: MicrosoftEdge on windows (66c2e9964ae9b4513df1a48ff9517514)] -> name: confirm]
✅ Typed into: Entered confirm password text → Password123
  ✔ And User fills in all other mandatory fields with valid data                      # stepdefinition.RegistrationSteps.user_fills_in_all_other_mandatory_fields_with_valid_data()
✅ Clicked: Accept privacy policy
  ✔ And User clicks on the Privacy Policy checkbox                                    # stepdefinition.RegistrationSteps.user_clicks_on_the_privacy_policy_checkbox()
✅ Clicked: Clicks on continue button
  ✔ And User clicks on the Continue button                                            # stepdefinition.RegistrationSteps.user_clicks_on_the_continue_button()
Validation message: Please include an '@' in the email address. 'khakaalwandegmail.com' is missing an '@'.
  ✔ Then User should see an error message indicating that the email format is invalid # stepdefinition.RegistrationSteps.user_should_see_an_error_message_indicating_that_the_email_format_is_invalid()
]]></system-out>
  </testcase>
  <testcase name="runScenario[&quot;Registration without Accepting Privacy Policy&quot;, &quot;Register User Functionality&quot;](5)" classname="testrunner.TestRunner" time="28.646">
    <system-out><![CDATA[
Scenario: Registration without Accepting Privacy Policy                                       # file:///C:/Users/USER/eclipse-workspace/Lambda-behavior-driven-development-framework/src/test/resources/features/RegisterSingleUser.feature:47
  ✔ Given User launches the lambdaTest home page                                              # stepdefinition.RegistrationSteps.user_launches_the_lambda_test_home_page()
  ✔ When User hovers over the My Account menu                                                 # stepdefinition.RegistrationSteps.user_hovers_over_the_my_account_menu()
  ✔ And User clicks on the Register link                                                      # stepdefinition.RegistrationSteps.user_clicks_on_the_register_link()
🧹 Cleared textbox using keyboard for element: [[EdgeDriver: MicrosoftEdge on windows (66c2e9964ae9b4513df1a48ff9517514)] -> name: firstname]
✅ Typed into: Entered First name text → Melissa
🧹 Cleared textbox using keyboard for element: [[EdgeDriver: MicrosoftEdge on windows (66c2e9964ae9b4513df1a48ff9517514)] -> name: lastname]
✅ Typed into: Entered last name text → Dickens
🧹 Cleared textbox using keyboard for element: [[EdgeDriver: MicrosoftEdge on windows (66c2e9964ae9b4513df1a48ff9517514)] -> name: email]
✅ Typed into: Entered email text → melissa1760636369919@mail.com
🧹 Cleared textbox using keyboard for element: [[EdgeDriver: MicrosoftEdge on windows (66c2e9964ae9b4513df1a48ff9517514)] -> name: telephone]
✅ Typed into: Entered telephone number → 179.192.6883
🧹 Cleared textbox using keyboard for element: [[EdgeDriver: MicrosoftEdge on windows (66c2e9964ae9b4513df1a48ff9517514)] -> name: password]
✅ Typed into: Entered passowrd text → Password123
🧹 Cleared textbox using keyboard for element: [[EdgeDriver: MicrosoftEdge on windows (66c2e9964ae9b4513df1a48ff9517514)] -> name: confirm]
✅ Typed into: Entered confirm password text → Password123
  ✔ When User enters all the mandatory fields with valid data                                 # stepdefinition.RegistrationSteps.user_enters_all_the_mandatory_fields_with_valid_data()
✅ Clicked: Clicks on continue button
  ✔ And User clicks on the Continue button                                                    # stepdefinition.RegistrationSteps.user_clicks_on_the_continue_button()
✅ Text validation passed for Verifying privacy policy warning message: Warning: You must agree to the Privacy Policy!
  ✔ Then User should see an error message indicating that the Privacy Policy must be accepted # stepdefinition.RegistrationSteps.user_should_see_an_error_message_indicating_that_the_privacy_policy_must_be_accepted()
]]></system-out>
  </testcase>
  <testcase name="runScenario[&quot;Registration with Weak Password&quot;, &quot;Register User Functionality&quot;](6)" classname="testrunner.TestRunner" time="28.186">
    <system-out><![CDATA[
Scenario: Registration with Weak Password                                          # file:///C:/Users/USER/eclipse-workspace/Lambda-behavior-driven-development-framework/src/test/resources/features/RegisterSingleUser.feature:54
  ✔ Given User launches the lambdaTest home page                                   # stepdefinition.RegistrationSteps.user_launches_the_lambda_test_home_page()
  ✔ When User hovers over the My Account menu                                      # stepdefinition.RegistrationSteps.user_hovers_over_the_my_account_menu()
  ✔ And User clicks on the Register link                                           # stepdefinition.RegistrationSteps.user_clicks_on_the_register_link()
🧹 Cleared textbox using keyboard for element: [[EdgeDriver: MicrosoftEdge on windows (66c2e9964ae9b4513df1a48ff9517514)] -> name: firstname]
✅ Typed into: Entered First name text → Virgilio
🧹 Cleared textbox using keyboard for element: [[EdgeDriver: MicrosoftEdge on windows (66c2e9964ae9b4513df1a48ff9517514)] -> name: lastname]
✅ Typed into: Entered last name text → Rohan
🧹 Cleared textbox using keyboard for element: [[EdgeDriver: MicrosoftEdge on windows (66c2e9964ae9b4513df1a48ff9517514)] -> name: email]
✅ Typed into: Entered email text → virgilio1760636398654@mail.com
🧹 Cleared textbox using keyboard for element: [[EdgeDriver: MicrosoftEdge on windows (66c2e9964ae9b4513df1a48ff9517514)] -> name: telephone]
✅ Typed into: Entered telephone number → 193-132-8841
🧹 Cleared textbox using keyboard for element: [[EdgeDriver: MicrosoftEdge on windows (66c2e9964ae9b4513df1a48ff9517514)] -> name: password]
✅ Typed into: Entered passowrd text → 123
🧹 Cleared textbox using keyboard for element: [[EdgeDriver: MicrosoftEdge on windows (66c2e9964ae9b4513df1a48ff9517514)] -> name: confirm]
✅ Typed into: Entered confirm password text → 123
  ✔ When User enters all the mandatory fields with valid data but a weak password  # stepdefinition.RegistrationSteps.user_enters_all_the_mandatory_fields_with_valid_data_but_a_weak_password()
✅ Clicked: Accept privacy policy
  ✔ And User clicks on the Privacy Policy checkbox                                 # stepdefinition.RegistrationSteps.user_clicks_on_the_privacy_policy_checkbox()
✅ Clicked: Clicks on continue button
  ✔ And User clicks on the Continue button                                         # stepdefinition.RegistrationSteps.user_clicks_on_the_continue_button()
✅ Text validation passed for Verifying field validation message: Password must be between 4 and 20 characters!
  ✔ Then User should see an error message indicating that the password is too weak # stepdefinition.RegistrationSteps.user_should_see_an_error_message_indicating_that_the_password_is_too_weak()
]]></system-out>
  </testcase>
  <testcase name="runScenario[&quot;Registration with Mismatched Password Confirmation&quot;, &quot;Register User Functionality&quot;](7)" classname="testrunner.TestRunner" time="29.51">
    <system-out><![CDATA[
Scenario: Registration with Mismatched Password Confirmation                                           # file:///C:/Users/USER/eclipse-workspace/Lambda-behavior-driven-development-framework/src/test/resources/features/RegisterSingleUser.feature:61
  ✔ Given User launches the lambdaTest home page                                                       # stepdefinition.RegistrationSteps.user_launches_the_lambda_test_home_page()
  ✔ When User hovers over the My Account menu                                                          # stepdefinition.RegistrationSteps.user_hovers_over_the_my_account_menu()
  ✔ And User clicks on the Register link                                                               # stepdefinition.RegistrationSteps.user_clicks_on_the_register_link()
🧹 Cleared textbox using keyboard for element: [[EdgeDriver: MicrosoftEdge on windows (66c2e9964ae9b4513df1a48ff9517514)] -> name: firstname]
✅ Typed into: Entered First name text → Marc
🧹 Cleared textbox using keyboard for element: [[EdgeDriver: MicrosoftEdge on windows (66c2e9964ae9b4513df1a48ff9517514)] -> name: lastname]
✅ Typed into: Entered last name text → Klocko
🧹 Cleared textbox using keyboard for element: [[EdgeDriver: MicrosoftEdge on windows (66c2e9964ae9b4513df1a48ff9517514)] -> name: email]
✅ Typed into: Entered email text → marc1760636425757@mail.com
🧹 Cleared textbox using keyboard for element: [[EdgeDriver: MicrosoftEdge on windows (66c2e9964ae9b4513df1a48ff9517514)] -> name: telephone]
✅ Typed into: Entered telephone number → 452-153-5248
🧹 Cleared textbox using keyboard for element: [[EdgeDriver: MicrosoftEdge on windows (66c2e9964ae9b4513df1a48ff9517514)] -> name: password]
✅ Typed into: Entered passowrd text → Password123
🧹 Cleared textbox using keyboard for element: [[EdgeDriver: MicrosoftEdge on windows (66c2e9964ae9b4513df1a48ff9517514)] -> name: confirm]
✅ Typed into: Entered confirm password text → DifferentPassword123
  ✔ When User enters all the mandatory fields with valid data but mismatched password and confirmation # stepdefinition.RegistrationSteps.user_enters_all_the_mandatory_fields_with_valid_data_but_mismatched_password_and_confirmation()
✅ Clicked: Accept privacy policy
  ✔ And User clicks on the Privacy Policy checkbox                                                     # stepdefinition.RegistrationSteps.user_clicks_on_the_privacy_policy_checkbox()
✅ Clicked: Clicks on continue button
  ✔ And User clicks on the Continue button                                                             # stepdefinition.RegistrationSteps.user_clicks_on_the_continue_button()
✅ Text validation passed for Verifying password mismatch message: Password confirmation does not match password!
  ✔ Then User should see an error message indicating that the password and confirmation do not match   # stepdefinition.RegistrationSteps.user_should_see_an_error_message_indicating_that_the_password_and_confirmation_do_not_match()
]]></system-out>
  </testcase>
</testsuite>