<?xml version="1.0" encoding="UTF-8"?>
<testsuite xmlns:xsi="http://www.w3.org/2001/XMLSchema-instance" xsi:noNamespaceSchemaLocation="https://maven.apache.org/surefire/maven-surefire-plugin/xsd/surefire-test-report-3.0.xsd" version="3.0" name="TestSuite" time="285.596" tests="10" errors="0" skipped="0" failures="0">
  <properties>
[...]
</properties>
  <testcase name="runScenario[&quot;Successful Login with Valid Credentials&quot;, &quot;Login User Functionality&quot;](1)" classname="testrunner.TestRunner" time="73.075">
    <system-out><![CDATA[🟢 Initializing Extent Report...

Scenario: Successful Login with Valid Credentials             # file:///C:/Users/USER/eclipse-workspace/Lambda-behavior-driven-development-framework/src/test/resources/features/LoginUser.feature:10
🧩 Starting Scenario: Successful Login with Valid Credentials
  ✔ Given User launches the lambdaTest home page              # stepdefinition.RegistrationSteps.user_launches_the_lambda_test_home_page()
  ✔ When User hovers over the My Account menu                 # stepdefinition.RegistrationSteps.user_hovers_over_the_my_account_menu()
✅ User data loaded: amalia1760768722218@mail.com
  ✔ And User clicks on the Login link                         # stepdefinition.LoginSteps.user_clicks_on_the_login_link()
🧹 Cleared textbox using keyboard for element: [[EdgeDriver: MicrosoftEdge on windows (c8389cec6be96a299a073d5e8ef73c94)] -> css selector: input[name='email']]
✅ Typed into: Email entered in email input field → amalia1760768722218@mail.com
🧹 Cleared textbox using keyboard for element: [[EdgeDriver: MicrosoftEdge on windows (c8389cec6be96a299a073d5e8ef73c94)] -> css selector: input[name='password']]
✅ Typed into: Password entered in password input field → Password123
  ✔ When User enters valid email and password                 # stepdefinition.LoginSteps.user_enters_valid_email_and_password()
✅ Clicked: Clicks on Login button
  ✔ And User clicks on the Login button                       # stepdefinition.LoginSteps.user_clicks_on_the_login_button()
My Account = My Account
✅ Text validation passed for Verifying success login: My Account
  ✔ Then User should be redirected to their account dashboard # stepdefinition.LoginSteps.user_should_be_redirected_to_their_account_dashboard()
]]></system-out>
    <system-err><![CDATA[SLF4J(W): No SLF4J providers were found.
SLF4J(W): Defaulting to no-operation (NOP) logger implementation
SLF4J(W): See https://www.slf4j.org/codes.html#noProviders for further details.
Oct 18, 2025 9:33:39 AM org.openqa.selenium.devtools.CdpVersionFinder findNearestMatch
WARNING: Unable to find CDP implementation matching 141
Oct 18, 2025 9:33:39 AM org.openqa.selenium.chromium.ChromiumDriver lambda$new$5
WARNING: Unable to find version of CDP to use for 141.0.3537.71. You may need to include a dependency on a specific version of the CDP using something similar to `org.seleniumhq.selenium:selenium-devtools-v86:4.25.0` where the version ("v86") matches the version of the chromium-based browser you're using and the version number of the artifact is the same as Selenium's.
]]></system-err>
  </testcase>
  <testcase name="runScenario[&quot;Login with Invalid Password&quot;, &quot;Login User Functionality&quot;](2)" classname="testrunner.TestRunner" time="24.92">
    <system-out><![CDATA[
Scenario: Login with Invalid Password                                   # file:///C:/Users/USER/eclipse-workspace/Lambda-behavior-driven-development-framework/src/test/resources/features/LoginUser.feature:16
🧩 Starting Scenario: Login with Invalid Password
  ✔ Given User launches the lambdaTest home page                        # stepdefinition.RegistrationSteps.user_launches_the_lambda_test_home_page()
  ✔ When User hovers over the My Account menu                           # stepdefinition.RegistrationSteps.user_hovers_over_the_my_account_menu()
✅ Clicked: Clicks on logout link
✅ Clicked logout link
  ✔ And User is logged out                                              # stepdefinition.RegistrationSteps.user_is_logged_out()
✅ User data loaded: amalia1760768722218@mail.com
  ✔ And User clicks on the Login link                                   # stepdefinition.LoginSteps.user_clicks_on_the_login_link()
🧹 Cleared textbox using keyboard for element: [[EdgeDriver: MicrosoftEdge on windows (c8389cec6be96a299a073d5e8ef73c94)] -> css selector: input[name='email']]
✅ Typed into: Email entered in email input field → amalia1760768722218@mail.com
🧹 Cleared textbox using keyboard for element: [[EdgeDriver: MicrosoftEdge on windows (c8389cec6be96a299a073d5e8ef73c94)] -> css selector: input[name='password']]
✅ Typed into: Password entered in password input field → WrongPassword123
  ✔ When User enters a valid email and an invalid password              # stepdefinition.LoginSteps.user_enters_a_valid_email_and_an_invalid_password()
✅ Clicked: Clicks on Login button
  ✔ And User clicks on the Login button                                 # stepdefinition.LoginSteps.user_clicks_on_the_login_button()
Warning: No match for E-Mail Address and/or Password. = Warning: No match for E-Mail Address and/or Password.
✅ Text validation passed for Verifying invalid login message: Warning: No match for E-Mail Address and/or Password.
  ✔ Then User should see an error message indicating incorrect password # stepdefinition.LoginSteps.user_should_see_an_error_message_indicating_incorrect_password()
]]></system-out>
  </testcase>
  <testcase name="runScenario[&quot;Login with Unregistered Email&quot;, &quot;Login User Functionality&quot;](3)" classname="testrunner.TestRunner" time="14.13">
    <system-out><![CDATA[
Scenario: Login with Unregistered Email                                               # file:///C:/Users/USER/eclipse-workspace/Lambda-behavior-driven-development-framework/src/test/resources/features/LoginUser.feature:23
🧩 Starting Scenario: Login with Unregistered Email
  ✔ Given User launches the lambdaTest home page                                      # stepdefinition.RegistrationSteps.user_launches_the_lambda_test_home_page()
  ✔ When User hovers over the My Account menu                                         # stepdefinition.RegistrationSteps.user_hovers_over_the_my_account_menu()
ℹ️ User is not logged in. No logout needed.
  ✔ And User is logged out                                                            # stepdefinition.RegistrationSteps.user_is_logged_out()
✅ User data loaded: amalia1760768722218@mail.com
  ✔ And User clicks on the Login link                                                 # stepdefinition.LoginSteps.user_clicks_on_the_login_link()
Generated user data: bobby1760772897887@mail.com
🧹 Cleared textbox using keyboard for element: [[EdgeDriver: MicrosoftEdge on windows (c8389cec6be96a299a073d5e8ef73c94)] -> css selector: input[name='email']]
✅ Typed into: Email entered in email input field → bobby1760772897887@mail.com
🧹 Cleared textbox using keyboard for element: [[EdgeDriver: MicrosoftEdge on windows (c8389cec6be96a299a073d5e8ef73c94)] -> css selector: input[name='password']]
✅ Typed into: Password entered in password input field → Password123
  ✔ When User enters an unregistered email and any password                           # stepdefinition.LoginSteps.user_enters_an_unregistered_email_and_any_password()
✅ Clicked: Clicks on Login button
  ✔ And User clicks on the Login button                                               # stepdefinition.LoginSteps.user_clicks_on_the_login_button()
Warning: No match for E-Mail Address and/or Password. = Warning: No match for E-Mail Address and/or Password.
✅ Text validation passed for Verifying invalid login message: Warning: No match for E-Mail Address and/or Password.
  ✔ Then User should see an error message indicating that the email is not registered # stepdefinition.LoginSteps.user_should_see_an_error_message_indicating_that_the_email_is_not_registered()
]]></system-out>
  </testcase>
  <testcase name="runScenario[&quot;Successful Registration with Valid Details&quot;, &quot;Register User Functionality&quot;](4)" classname="testrunner.TestRunner" time="30.838">
    <system-out><![CDATA[
Scenario: Successful Registration with Valid Details                               # file:///C:/Users/USER/eclipse-workspace/Lambda-behavior-driven-development-framework/src/test/resources/features/RegisterSingleUser.feature:10
🧩 Starting Scenario: Successful Registration with Valid Details
  ✔ Given User launches the lambdaTest home page                                   # stepdefinition.RegistrationSteps.user_launches_the_lambda_test_home_page()
  ✔ When User hovers over the My Account menu                                      # stepdefinition.RegistrationSteps.user_hovers_over_the_my_account_menu()
  ✔ And User clicks on the Register link                                           # stepdefinition.RegistrationSteps.user_clicks_on_the_register_link()
Generated user data: ressie1760772915078@mail.com
🧹 Cleared textbox using keyboard for element: [[EdgeDriver: MicrosoftEdge on windows (c8389cec6be96a299a073d5e8ef73c94)] -> name: firstname]
✅ Typed into: Entered First name text → Ressie
🧹 Cleared textbox using keyboard for element: [[EdgeDriver: MicrosoftEdge on windows (c8389cec6be96a299a073d5e8ef73c94)] -> name: lastname]
✅ Typed into: Entered last name text → Rodriguez
🧹 Cleared textbox using keyboard for element: [[EdgeDriver: MicrosoftEdge on windows (c8389cec6be96a299a073d5e8ef73c94)] -> name: email]
✅ Typed into: Entered email text → ressie1760772915078@mail.com
🧹 Cleared textbox using keyboard for element: [[EdgeDriver: MicrosoftEdge on windows (c8389cec6be96a299a073d5e8ef73c94)] -> name: telephone]
✅ Typed into: Entered telephone number → (197) 141-4671
🧹 Cleared textbox using keyboard for element: [[EdgeDriver: MicrosoftEdge on windows (c8389cec6be96a299a073d5e8ef73c94)] -> name: password]
✅ Typed into: Entered passowrd text → Password123
🧹 Cleared textbox using keyboard for element: [[EdgeDriver: MicrosoftEdge on windows (c8389cec6be96a299a073d5e8ef73c94)] -> name: confirm]
✅ Typed into: Entered confirm password text → Password123
  ✔ When User enters all the mandatory fields with valid data                      # stepdefinition.RegistrationSteps.user_enters_all_the_mandatory_fields_with_valid_data()
✅ Clicked: Accept privacy policy
  ✔ And User clicks on the Privacy Policy checkbox                                 # stepdefinition.RegistrationSteps.user_clicks_on_the_privacy_policy_checkbox()
✅ Clicked: Clicks on continue button
  ✔ And User clicks on the Continue button                                         # stepdefinition.RegistrationSteps.user_clicks_on_the_continue_button()
Your Account Has Been Created! = Your Account Has Been Created!
✅ Text validation passed for Verifying register success message: Your Account Has Been Created!
✅ User data saved successfully: ressie1760772915078@mail.com
  ✔ Then User should see a confirmation message indicating successful registration # stepdefinition.RegistrationSteps.user_should_see_a_confirmation_message_indicating_successful_registration()
]]></system-out>
  </testcase>
  <testcase name="runScenario[&quot;Registration with Already Registered Email&quot;, &quot;Register User Functionality&quot;](5)" classname="testrunner.TestRunner" time="28.301">
    <system-out><![CDATA[
Scenario: Registration with Already Registered Email                                      # file:///C:/Users/USER/eclipse-workspace/Lambda-behavior-driven-development-framework/src/test/resources/features/RegisterSingleUser.feature:17
🧩 Starting Scenario: Registration with Already Registered Email
  ✔ Given User launches the lambdaTest home page                                          # stepdefinition.RegistrationSteps.user_launches_the_lambda_test_home_page()
  ✔ When User hovers over the My Account menu                                             # stepdefinition.RegistrationSteps.user_hovers_over_the_my_account_menu()
✅ Clicked: Clicks on logout link
✅ Clicked logout link
  ✔ And User is logged out                                                                # stepdefinition.RegistrationSteps.user_is_logged_out()
  ✔ And User clicks on the Register link                                                  # stepdefinition.RegistrationSteps.user_clicks_on_the_register_link()
🧹 Cleared textbox using keyboard for element: [[EdgeDriver: MicrosoftEdge on windows (c8389cec6be96a299a073d5e8ef73c94)] -> name: firstname]
✅ Typed into: Entered First name text → Ressie
🧹 Cleared textbox using keyboard for element: [[EdgeDriver: MicrosoftEdge on windows (c8389cec6be96a299a073d5e8ef73c94)] -> name: lastname]
✅ Typed into: Entered last name text → Rodriguez
🧹 Cleared textbox using keyboard for element: [[EdgeDriver: MicrosoftEdge on windows (c8389cec6be96a299a073d5e8ef73c94)] -> name: email]
✅ Typed into: Entered email text → khakaalwande@gmail.com
🧹 Cleared textbox using keyboard for element: [[EdgeDriver: MicrosoftEdge on windows (c8389cec6be96a299a073d5e8ef73c94)] -> name: telephone]
✅ Typed into: Entered telephone number → (197) 141-4671
🧹 Cleared textbox using keyboard for element: [[EdgeDriver: MicrosoftEdge on windows (c8389cec6be96a299a073d5e8ef73c94)] -> name: password]
✅ Typed into: Entered passowrd text → Password123
🧹 Cleared textbox using keyboard for element: [[EdgeDriver: MicrosoftEdge on windows (c8389cec6be96a299a073d5e8ef73c94)] -> name: confirm]
✅ Typed into: Entered confirm password text → Password123
  ✔ When User enters all the mandatory fields with an already registered email            # stepdefinition.RegistrationSteps.user_enters_all_the_mandatory_fields_with_an_already_registered_email()
✅ Clicked: Accept privacy policy
  ✔ And User clicks on the Privacy Policy checkbox                                        # stepdefinition.RegistrationSteps.user_clicks_on_the_privacy_policy_checkbox()
✅ Clicked: Clicks on continue button
  ✔ And User clicks on the Continue button                                                # stepdefinition.RegistrationSteps.user_clicks_on_the_continue_button()
Warning: E-Mail Address is already registered! = Warning: E-Mail Address is already registered!
✅ Text validation passed for Verifying duplicate email address: Warning: E-Mail Address is already registered!
  ✔ Then User should see an error message indicating that the email is already registered # stepdefinition.RegistrationSteps.user_should_see_an_error_message_indicating_that_the_email_is_already_registered()
]]></system-out>
  </testcase>
  <testcase name="runScenario[&quot;Registration with Missing Mandatory Fields&quot;, &quot;Register User Functionality&quot;](6)" classname="testrunner.TestRunner" time="20.099">
    <system-out><![CDATA[
Scenario: Registration with Missing Mandatory Fields                                  # file:///C:/Users/USER/eclipse-workspace/Lambda-behavior-driven-development-framework/src/test/resources/features/RegisterSingleUser.feature:25
🧩 Starting Scenario: Registration with Missing Mandatory Fields
  ✔ Given User launches the lambdaTest home page                                      # stepdefinition.RegistrationSteps.user_launches_the_lambda_test_home_page()
  ✔ When User hovers over the My Account menu                                         # stepdefinition.RegistrationSteps.user_hovers_over_the_my_account_menu()
  ✔ And User clicks on the Register link                                              # stepdefinition.RegistrationSteps.user_clicks_on_the_register_link()
🧹 Cleared textbox using keyboard for element: [[EdgeDriver: MicrosoftEdge on windows (c8389cec6be96a299a073d5e8ef73c94)] -> name: firstname]
✅ Typed into: Entered First name text → 
🧹 Cleared textbox using keyboard for element: [[EdgeDriver: MicrosoftEdge on windows (c8389cec6be96a299a073d5e8ef73c94)] -> name: lastname]
✅ Typed into: Entered last name text → 
🧹 Cleared textbox using keyboard for element: [[EdgeDriver: MicrosoftEdge on windows (c8389cec6be96a299a073d5e8ef73c94)] -> name: email]
✅ Typed into: Entered email text → 
🧹 Cleared textbox using keyboard for element: [[EdgeDriver: MicrosoftEdge on windows (c8389cec6be96a299a073d5e8ef73c94)] -> name: telephone]
✅ Typed into: Entered telephone number → 
🧹 Cleared textbox using keyboard for element: [[EdgeDriver: MicrosoftEdge on windows (c8389cec6be96a299a073d5e8ef73c94)] -> name: password]
✅ Typed into: Entered passowrd text → 
🧹 Cleared textbox using keyboard for element: [[EdgeDriver: MicrosoftEdge on windows (c8389cec6be96a299a073d5e8ef73c94)] -> name: confirm]
✅ Typed into: Entered confirm password text → 
  ✔ When User leaves one or more mandatory fields empty                               # stepdefinition.RegistrationSteps.user_leaves_one_or_more_mandatory_fields_empty()
✅ Clicked: Accept privacy policy
  ✔ And User clicks on the Privacy Policy checkbox                                    # stepdefinition.RegistrationSteps.user_clicks_on_the_privacy_policy_checkbox()
✅ Clicked: Clicks on continue button
  ✔ And User clicks on the Continue button                                            # stepdefinition.RegistrationSteps.user_clicks_on_the_continue_button()
Found 5 error messages.
Error message: First Name must be between 1 and 32 characters!
Matched expected message: First Name must be between 1 and 32 characters!
Error message: Last Name must be between 1 and 32 characters!
Matched expected message: Last Name must be between 1 and 32 characters!
Error message: E-Mail Address does not appear to be valid!
Matched expected message: E-Mail Address does not appear to be valid!
Error message: Telephone must be between 3 and 32 characters!
Matched expected message: Telephone must be between 3 and 32 characters!
Error message: Password must be between 4 and 20 characters!
Matched expected message: Password must be between 4 and 20 characters!
  ✔ Then User should see error messages indicating which mandatory fields are missing # stepdefinition.RegistrationSteps.user_should_see_error_messages_indicating_which_mandatory_fields_are_missing(java.util.List)
      | First Name must be between 1 and 32 characters! |
      | Last Name must be between 1 and 32 characters!  |
      | E-Mail Address does not appear to be valid!     |
      | Telephone must be between 3 and 32 characters!  |
      | Password must be between 4 and 20 characters!   |
]]></system-out>
  </testcase>
  <testcase name="runScenario[&quot;Registration with Invalid Email Format&quot;, &quot;Register User Functionality&quot;](7)" classname="testrunner.TestRunner" time="22.513">
    <system-out><![CDATA[
Scenario: Registration with Invalid Email Format                                      # file:///C:/Users/USER/eclipse-workspace/Lambda-behavior-driven-development-framework/src/test/resources/features/RegisterSingleUser.feature:38
🧩 Starting Scenario: Registration with Invalid Email Format
  ✔ Given User launches the lambdaTest home page                                      # stepdefinition.RegistrationSteps.user_launches_the_lambda_test_home_page()
  ✔ When User hovers over the My Account menu                                         # stepdefinition.RegistrationSteps.user_hovers_over_the_my_account_menu()
  ✔ And User clicks on the Register link                                              # stepdefinition.RegistrationSteps.user_clicks_on_the_register_link()
🧹 Cleared textbox using keyboard for element: [[EdgeDriver: MicrosoftEdge on windows (c8389cec6be96a299a073d5e8ef73c94)] -> name: email]
✅ Typed into: Entered email text → khakaalwandegmail.com
  ✔ When User enters an invalid email format in the email field                       # stepdefinition.RegistrationSteps.user_enters_an_invalid_email_format_in_the_email_field()
🧹 Cleared textbox using keyboard for element: [[EdgeDriver: MicrosoftEdge on windows (c8389cec6be96a299a073d5e8ef73c94)] -> name: firstname]
✅ Typed into: Entered First name text → Ressie
🧹 Cleared textbox using keyboard for element: [[EdgeDriver: MicrosoftEdge on windows (c8389cec6be96a299a073d5e8ef73c94)] -> name: lastname]
✅ Typed into: Entered last name text → Rodriguez
🧹 Cleared textbox using keyboard for element: [[EdgeDriver: MicrosoftEdge on windows (c8389cec6be96a299a073d5e8ef73c94)] -> name: telephone]
✅ Typed into: Entered telephone number → (197) 141-4671
🧹 Cleared textbox using keyboard for element: [[EdgeDriver: MicrosoftEdge on windows (c8389cec6be96a299a073d5e8ef73c94)] -> name: password]
✅ Typed into: Entered passowrd text → Password123
🧹 Cleared textbox using keyboard for element: [[EdgeDriver: MicrosoftEdge on windows (c8389cec6be96a299a073d5e8ef73c94)] -> name: confirm]
✅ Typed into: Entered confirm password text → Password123
  ✔ And User fills in all other mandatory fields with valid data                      # stepdefinition.RegistrationSteps.user_fills_in_all_other_mandatory_fields_with_valid_data()
✅ Clicked: Accept privacy policy
  ✔ And User clicks on the Privacy Policy checkbox                                    # stepdefinition.RegistrationSteps.user_clicks_on_the_privacy_policy_checkbox()
✅ Clicked: Clicks on continue button
  ✔ And User clicks on the Continue button                                            # stepdefinition.RegistrationSteps.user_clicks_on_the_continue_button()
Validation message: Please include an '@' in the email address. 'khakaalwandegmail.com' is missing an '@'.
  ✔ Then User should see an error message indicating that the email format is invalid # stepdefinition.RegistrationSteps.user_should_see_an_error_message_indicating_that_the_email_format_is_invalid()
]]></system-out>
  </testcase>
  <testcase name="runScenario[&quot;Registration without Accepting Privacy Policy&quot;, &quot;Register User Functionality&quot;](8)" classname="testrunner.TestRunner" time="20.049">
    <system-out><![CDATA[
Scenario: Registration without Accepting Privacy Policy                                       # file:///C:/Users/USER/eclipse-workspace/Lambda-behavior-driven-development-framework/src/test/resources/features/RegisterSingleUser.feature:47
🧩 Starting Scenario: Registration without Accepting Privacy Policy
  ✔ Given User launches the lambdaTest home page                                              # stepdefinition.RegistrationSteps.user_launches_the_lambda_test_home_page()
  ✔ When User hovers over the My Account menu                                                 # stepdefinition.RegistrationSteps.user_hovers_over_the_my_account_menu()
  ✔ And User clicks on the Register link                                                      # stepdefinition.RegistrationSteps.user_clicks_on_the_register_link()
Generated user data: shalonda1760773012066@mail.com
🧹 Cleared textbox using keyboard for element: [[EdgeDriver: MicrosoftEdge on windows (c8389cec6be96a299a073d5e8ef73c94)] -> name: firstname]
✅ Typed into: Entered First name text → Shalonda
🧹 Cleared textbox using keyboard for element: [[EdgeDriver: MicrosoftEdge on windows (c8389cec6be96a299a073d5e8ef73c94)] -> name: lastname]
✅ Typed into: Entered last name text → Jacobi
🧹 Cleared textbox using keyboard for element: [[EdgeDriver: MicrosoftEdge on windows (c8389cec6be96a299a073d5e8ef73c94)] -> name: email]
✅ Typed into: Entered email text → shalonda1760773012066@mail.com
🧹 Cleared textbox using keyboard for element: [[EdgeDriver: MicrosoftEdge on windows (c8389cec6be96a299a073d5e8ef73c94)] -> name: telephone]
✅ Typed into: Entered telephone number → 700.479.3684
🧹 Cleared textbox using keyboard for element: [[EdgeDriver: MicrosoftEdge on windows (c8389cec6be96a299a073d5e8ef73c94)] -> name: password]
✅ Typed into: Entered passowrd text → Password123
🧹 Cleared textbox using keyboard for element: [[EdgeDriver: MicrosoftEdge on windows (c8389cec6be96a299a073d5e8ef73c94)] -> name: confirm]
✅ Typed into: Entered confirm password text → Password123
  ✔ When User enters all the mandatory fields with valid data                                 # stepdefinition.RegistrationSteps.user_enters_all_the_mandatory_fields_with_valid_data()
✅ Clicked: Clicks on continue button
  ✔ And User clicks on the Continue button                                                    # stepdefinition.RegistrationSteps.user_clicks_on_the_continue_button()
Warning: You must agree to the Privacy Policy! = Warning: You must agree to the Privacy Policy!
✅ Text validation passed for Verifying privacy policy warning message: Warning: You must agree to the Privacy Policy!
  ✔ Then User should see an error message indicating that the Privacy Policy must be accepted # stepdefinition.RegistrationSteps.user_should_see_an_error_message_indicating_that_the_privacy_policy_must_be_accepted()
]]></system-out>
  </testcase>
  <testcase name="runScenario[&quot;Registration with Weak Password&quot;, &quot;Register User Functionality&quot;](9)" classname="testrunner.TestRunner" time="20.618">
    <system-out><![CDATA[
Scenario: Registration with Weak Password                                          # file:///C:/Users/USER/eclipse-workspace/Lambda-behavior-driven-development-framework/src/test/resources/features/RegisterSingleUser.feature:54
🧩 Starting Scenario: Registration with Weak Password
  ✔ Given User launches the lambdaTest home page                                   # stepdefinition.RegistrationSteps.user_launches_the_lambda_test_home_page()
  ✔ When User hovers over the My Account menu                                      # stepdefinition.RegistrationSteps.user_hovers_over_the_my_account_menu()
  ✔ And User clicks on the Register link                                           # stepdefinition.RegistrationSteps.user_clicks_on_the_register_link()
Generated user data: greg1760773031532@mail.com
🧹 Cleared textbox using keyboard for element: [[EdgeDriver: MicrosoftEdge on windows (c8389cec6be96a299a073d5e8ef73c94)] -> name: firstname]
✅ Typed into: Entered First name text → Greg
🧹 Cleared textbox using keyboard for element: [[EdgeDriver: MicrosoftEdge on windows (c8389cec6be96a299a073d5e8ef73c94)] -> name: lastname]
✅ Typed into: Entered last name text → Padberg
🧹 Cleared textbox using keyboard for element: [[EdgeDriver: MicrosoftEdge on windows (c8389cec6be96a299a073d5e8ef73c94)] -> name: email]
✅ Typed into: Entered email text → greg1760773031532@mail.com
🧹 Cleared textbox using keyboard for element: [[EdgeDriver: MicrosoftEdge on windows (c8389cec6be96a299a073d5e8ef73c94)] -> name: telephone]
✅ Typed into: Entered telephone number → 690.358.8463
🧹 Cleared textbox using keyboard for element: [[EdgeDriver: MicrosoftEdge on windows (c8389cec6be96a299a073d5e8ef73c94)] -> name: password]
✅ Typed into: Entered passowrd text → 123
🧹 Cleared textbox using keyboard for element: [[EdgeDriver: MicrosoftEdge on windows (c8389cec6be96a299a073d5e8ef73c94)] -> name: confirm]
✅ Typed into: Entered confirm password text → 123
  ✔ When User enters all the mandatory fields with valid data but a weak password  # stepdefinition.RegistrationSteps.user_enters_all_the_mandatory_fields_with_valid_data_but_a_weak_password()
✅ Clicked: Accept privacy policy
  ✔ And User clicks on the Privacy Policy checkbox                                 # stepdefinition.RegistrationSteps.user_clicks_on_the_privacy_policy_checkbox()
✅ Clicked: Clicks on continue button
  ✔ And User clicks on the Continue button                                         # stepdefinition.RegistrationSteps.user_clicks_on_the_continue_button()
Password must be between 4 and 20 characters! = Password must be between 4 and 20 characters!
✅ Text validation passed for Verifying field validation message: Password must be between 4 and 20 characters!
  ✔ Then User should see an error message indicating that the password is too weak # stepdefinition.RegistrationSteps.user_should_see_an_error_message_indicating_that_the_password_is_too_weak()
]]></system-out>
  </testcase>
  <testcase name="runScenario[&quot;Registration with Mismatched Password Confirmation&quot;, &quot;Register User Functionality&quot;](10)" classname="testrunner.TestRunner" time="21.144">
    <system-out><![CDATA[
Scenario: Registration with Mismatched Password Confirmation                                           # file:///C:/Users/USER/eclipse-workspace/Lambda-behavior-driven-development-framework/src/test/resources/features/RegisterSingleUser.feature:61
🧩 Starting Scenario: Registration with Mismatched Password Confirmation
  ✔ Given User launches the lambdaTest home page                                                       # stepdefinition.RegistrationSteps.user_launches_the_lambda_test_home_page()
  ✔ When User hovers over the My Account menu                                                          # stepdefinition.RegistrationSteps.user_hovers_over_the_my_account_menu()
  ✔ And User clicks on the Register link                                                               # stepdefinition.RegistrationSteps.user_clicks_on_the_register_link()
Generated user data: chieko1760773051893@mail.com
🧹 Cleared textbox using keyboard for element: [[EdgeDriver: MicrosoftEdge on windows (c8389cec6be96a299a073d5e8ef73c94)] -> name: firstname]
✅ Typed into: Entered First name text → Chieko
🧹 Cleared textbox using keyboard for element: [[EdgeDriver: MicrosoftEdge on windows (c8389cec6be96a299a073d5e8ef73c94)] -> name: lastname]
✅ Typed into: Entered last name text → Jerde
🧹 Cleared textbox using keyboard for element: [[EdgeDriver: MicrosoftEdge on windows (c8389cec6be96a299a073d5e8ef73c94)] -> name: email]
✅ Typed into: Entered email text → chieko1760773051893@mail.com
🧹 Cleared textbox using keyboard for element: [[EdgeDriver: MicrosoftEdge on windows (c8389cec6be96a299a073d5e8ef73c94)] -> name: telephone]
✅ Typed into: Entered telephone number → (887) 422-7309
🧹 Cleared textbox using keyboard for element: [[EdgeDriver: MicrosoftEdge on windows (c8389cec6be96a299a073d5e8ef73c94)] -> name: password]
✅ Typed into: Entered passowrd text → Password123
🧹 Cleared textbox using keyboard for element: [[EdgeDriver: MicrosoftEdge on windows (c8389cec6be96a299a073d5e8ef73c94)] -> name: confirm]
✅ Typed into: Entered confirm password text → DifferentPassword123
  ✔ When User enters all the mandatory fields with valid data but mismatched password and confirmation # stepdefinition.RegistrationSteps.user_enters_all_the_mandatory_fields_with_valid_data_but_mismatched_password_and_confirmation()
✅ Clicked: Accept privacy policy
  ✔ And User clicks on the Privacy Policy checkbox                                                     # stepdefinition.RegistrationSteps.user_clicks_on_the_privacy_policy_checkbox()
✅ Clicked: Clicks on continue button
  ✔ And User clicks on the Continue button                                                             # stepdefinition.RegistrationSteps.user_clicks_on_the_continue_button()
Password confirmation does not match password! = Password confirmation does not match password!
✅ Text validation passed for Verifying password mismatch message: Password confirmation does not match password!
  ✔ Then User should see an error message indicating that the password and confirmation do not match   # stepdefinition.RegistrationSteps.user_should_see_an_error_message_indicating_that_the_password_and_confirmation_do_not_match()
]]></system-out>
  </testcase>
</testsuite>