<?xml version="1.0" encoding="UTF-8"?>
<!-- Generated by org.testng.reporters.JUnitReportReporter -->
<testsuite hostname="elihle" failures="1" tests="11" name="testrunner.TestRunner" time="305.499" errors="0" timestamp="2025-10-18T08:28:59 SAST" skipped="0">
  <testcase classname="testrunner.TestRunner" name="runScenario" time="49.783"/>
  <testcase classname="testrunner.TestRunner" name="runScenario" time="20.986"/>
  <testcase classname="testrunner.TestRunner" name="runScenario" time="80.883"/>
  <testcase classname="testrunner.TestRunner" name="runScenario" time="34.371"/>
  <testcase classname="testrunner.TestRunner" name="runScenario" time="17.686"/>
  <testcase classname="testrunner.TestRunner" name="runScenario" time="18.517"/>
  <testcase classname="testrunner.TestRunner" name="runScenario" time="18.352"/>
  <testcase classname="testrunner.TestRunner" name="runScenario" time="9.880">
    <failure message="Invalid login warning is not displayed. expected [true] but found [false]" type="java.lang.AssertionError">
      <![CDATA[java.lang.AssertionError: Invalid login warning is not displayed. expected [true] but found [false]
at org.testng.Assert.fail(Assert.java:111)
at org.testng.Assert.failNotEquals(Assert.java:1578)
at org.testng.Assert.assertTrue(Assert.java:57)
at stepdefinition.LoginSteps.user_should_see_error_messages_indicating_that_both_fields_are_required(LoginSteps.java:87)
at ✽.User should see error messages indicating that both fields are required(file:///C:/Users/USER/eclipse-workspace/Lambda-behavior-driven-development-framework/src/test/resources/features/LoginUser.feature:35)
]]>
    </failure>
  </testcase> <!-- runScenario -->
  <testcase classname="testrunner.TestRunner" name="runScenario" time="13.544"/>
  <testcase classname="testrunner.TestRunner" name="runScenario" time="11.376"/>
  <testcase classname="testrunner.TestRunner" name="runScenario" time="30.121"/>
</testsuite> <!-- testrunner.TestRunner -->
